{"logTime": "1104/033732", "correlationVector":"0vUIo2muvGEst6gcckQlwM.164","action":"GetUpdates", "result":"DeleteReceived", "context":{"id":"db710cd8-6929-4255-9f6c-a807f1b17a34", "isDeleted:":"true", "version":"1729675212872"}}
{"logTime": "1104/033732", "correlationVector":"0vUIo2muvGEst6gcckQlwM.165","action":"GetUpdates", "result":"DeleteReceived", "context":{"id":"829e28f0-8125-4072-ae47-3fd6099ccb8f", "isDeleted:":"true", "version":"1729675243226"}}
{"logTime": "1104/033732", "correlationVector":"0vUIo2muvGEst6gcckQlwM.166","action":"GetUpdates", "result":"DeleteReceived", "context":{"id":"365844f0-d2eb-4355-95a1-744f7a34734d", "isDeleted:":"true", "version":"1729675452691"}}
{"logTime": "1104/033732", "correlationVector":"0vUIo2muvGEst6gcckQlwM.167","action":"GetUpdates", "result":"DeleteReceived", "context":{"id":"b5f2d863-b1d2-441b-bf7b-c211d04ea4d8", "isDeleted:":"true", "version":"1729675490321"}}
{"logTime": "1104/033732", "correlationVector":"0vUIo2muvGEst6gcckQlwM.168","action":"GetUpdates", "result":"DeleteReceived", "context":{"id":"fb9554f3-de4d-4aa2-9626-3ec24418f4e2", "isDeleted:":"true", "version":"1729675604415"}}
{"logTime": "1104/033732", "correlationVector":"0vUIo2muvGEst6gcckQlwM.169","action":"GetUpdates", "result":"DeleteReceived", "context":{"id":"3b545622-49e0-400a-86df-1081e976d2d8", "isDeleted:":"true", "version":"1729675728480"}}
{"logTime": "1104/033732", "correlationVector":"0vUIo2muvGEst6gcckQlwM.170","action":"GetUpdates", "result":"DeleteReceived", "context":{"id":"d85054c4-8070-4466-b262-5faf54ef35c2", "isDeleted:":"true", "version":"1729676117584"}}
{"logTime": "1104/033732", "correlationVector":"0vUIo2muvGEst6gcckQlwM.171","action":"GetUpdates", "result":"DeleteReceived", "context":{"id":"a13d98ce-22b3-49d9-a95f-f6ecf624b3a8", "isDeleted:":"true", "version":"1729676142361"}}
{"logTime": "1104/033732", "correlationVector":"0vUIo2muvGEst6gcckQlwM.172","action":"GetUpdates", "result":"DeleteReceived", "context":{"id":"f15d1c66-972a-4f3a-b75a-4b8d21979a75", "isDeleted:":"true", "version":"1729677372936"}}
{"logTime": "1104/033732", "correlationVector":"0vUIo2muvGEst6gcckQlwM.173","action":"GetUpdates", "result":"DeleteReceived", "context":{"id":"e5853b72-5b4f-4cc1-9924-d05d121f75a4", "isDeleted:":"true", "version":"1729677808007"}}
{"logTime": "1104/033732", "correlationVector":"0vUIo2muvGEst6gcckQlwM.174","action":"GetUpdates", "result":"DeleteReceived", "context":{"id":"dfb795e3-6260-4794-bbc9-222e64ec200a", "isDeleted:":"true", "version":"1729678152837"}}
{"logTime": "1104/033732", "correlationVector":"0vUIo2muvGEst6gcckQlwM.175","action":"GetUpdates", "result":"DeleteReceived", "context":{"id":"08655e9b-b0ef-4985-a72f-20605a6f404a", "isDeleted:":"true", "version":"1729678366085"}}
{"logTime": "1104/033732", "correlationVector":"0vUIo2muvGEst6gcckQlwM.176","action":"GetUpdates", "result":"DeleteReceived", "context":{"id":"9955e9e6-d4b3-49e3-a570-fce853bbb7ab", "isDeleted:":"true", "version":"1729678366086"}}
{"logTime": "1104/033732", "correlationVector":"0vUIo2muvGEst6gcckQlwM.177","action":"GetUpdates", "result":"DeleteReceived", "context":{"id":"52b05835-fe08-44ea-8d3e-cc842aa1c562", "isDeleted:":"true", "version":"1729678366087"}}
{"logTime": "1104/033732", "correlationVector":"0vUIo2muvGEst6gcckQlwM.178","action":"GetUpdates", "result":"DeleteReceived", "context":{"id":"7bbf2175-a747-4dc7-9692-1bfda4e241f7", "isDeleted:":"true", "version":"1729679360510"}}
{"logTime": "1104/033732", "correlationVector":"0vUIo2muvGEst6gcckQlwM.179","action":"GetUpdates", "result":"DeleteReceived", "context":{"id":"588b8fe2-38a0-4e7a-b96a-69a445b16814", "isDeleted:":"true", "version":"1729737667523"}}
{"logTime": "1104/033732", "correlationVector":"0vUIo2muvGEst6gcckQlwM.180","action":"GetUpdates", "result":"DeleteReceived", "context":{"id":"8df0fb7a-2d4b-4d22-9999-4da3034ac1ff", "isDeleted:":"true", "version":"1729737669619"}}
{"logTime": "1104/033732", "correlationVector":"0vUIo2muvGEst6gcckQlwM.181","action":"GetUpdates", "result":"DeleteReceived", "context":{"id":"c08b7f82-09f1-4a33-ac61-f3812c10bf87", "isDeleted:":"true", "version":"1729737787990"}}
{"logTime": "1104/033732", "correlationVector":"0vUIo2muvGEst6gcckQlwM.182","action":"GetUpdates", "result":"DeleteReceived", "context":{"id":"a824d057-d6de-4846-b219-0da74cab6016", "isDeleted:":"true", "version":"1729743524856"}}
{"logTime": "1104/033732", "correlationVector":"0vUIo2muvGEst6gcckQlwM.183","action":"GetUpdates", "result":"DeleteReceived", "context":{"id":"460f3d4d-ef62-4802-b2a7-d714527d19bf", "isDeleted:":"true", "version":"1729757180701"}}
{"logTime": "1104/033732", "correlationVector":"0vUIo2muvGEst6gcckQlwM.184","action":"GetUpdates", "result":"DeleteReceived", "context":{"id":"f0c442dc-6924-4859-9a8d-a0e40047a29f", "isDeleted:":"true", "version":"1729757180703"}}
{"logTime": "1104/033732", "correlationVector":"0vUIo2muvGEst6gcckQlwM.185","action":"GetUpdates", "result":"DeleteReceived", "context":{"id":"fd6b8267-728d-4074-886d-856427f92efc", "isDeleted:":"true", "version":"1729757290151"}}
{"logTime": "1104/033732", "correlationVector":"0vUIo2muvGEst6gcckQlwM.186","action":"GetUpdates", "result":"DeleteReceived", "context":{"id":"d66de88c-9c47-42c6-a30c-7dcfdb892e59", "isDeleted:":"true", "version":"1729757392526"}}
{"logTime": "1104/033732", "correlationVector":"0vUIo2muvGEst6gcckQlwM.187","action":"GetUpdates", "result":"DeleteReceived", "context":{"id":"313892b6-3e8b-4c5d-a8a5-b3d3b11fb490", "isDeleted:":"true", "version":"1729758053019"}}
{"logTime": "1104/033732", "correlationVector":"0vUIo2muvGEst6gcckQlwM.188","action":"GetUpdates", "result":"DeleteReceived", "context":{"id":"b98b9ec8-ef74-4c80-abe9-8a32766e0a9c", "isDeleted:":"true", "version":"1729758226626"}}
{"logTime": "1104/033732", "correlationVector":"0vUIo2muvGEst6gcckQlwM.189","action":"GetUpdates", "result":"DeleteReceived", "context":{"id":"6d499883-98a5-4dbf-9181-83e5527723ce", "isDeleted:":"true", "version":"1729758226627"}}
{"logTime": "1104/033732", "correlationVector":"0vUIo2muvGEst6gcckQlwM.190","action":"GetUpdates", "result":"DeleteReceived", "context":{"id":"91832b47-951e-4721-a1ea-c4905c8c3a38", "isDeleted:":"true", "version":"1729758600706"}}
{"logTime": "1104/033732", "correlationVector":"0vUIo2muvGEst6gcckQlwM.191","action":"GetUpdates", "result":"DeleteReceived", "context":{"id":"136b4451-a290-40a1-b30c-2489b8b5036a", "isDeleted:":"true", "version":"1729759201669"}}
{"logTime": "1104/033732", "correlationVector":"0vUIo2muvGEst6gcckQlwM.192","action":"GetUpdates", "result":"DeleteReceived", "context":{"id":"a4fb7ded-33fe-4f20-953d-6a42c1a75f03", "isDeleted:":"true", "version":"1729759706338"}}
{"logTime": "1104/033732", "correlationVector":"0vUIo2muvGEst6gcckQlwM.193","action":"GetUpdates", "result":"DeleteReceived", "context":{"id":"cab057d2-441f-4191-8fb2-155608241aeb", "isDeleted:":"true", "version":"1729759801367"}}
{"logTime": "1104/033732", "correlationVector":"0vUIo2muvGEst6gcckQlwM.194","action":"GetUpdates", "result":"DeleteReceived", "context":{"id":"a554820e-1dc3-413b-990e-df9d47fa6b42", "isDeleted:":"true", "version":"1729815925576"}}
{"logTime": "1104/033732", "correlationVector":"0vUIo2muvGEst6gcckQlwM.195","action":"GetUpdates", "result":"DeleteReceived", "context":{"id":"d4065220-7a89-4e6c-a822-f4497949251a", "isDeleted:":"true", "version":"1729815925577"}}
{"logTime": "1104/033732", "correlationVector":"0vUIo2muvGEst6gcckQlwM.196","action":"GetUpdates", "result":"DeleteReceived", "context":{"id":"be497457-f5c9-4345-afcd-01589fdf3230", "isDeleted:":"true", "version":"1729815925578"}}
{"logTime": "1104/033732", "correlationVector":"0vUIo2muvGEst6gcckQlwM.197","action":"GetUpdates", "result":"DeleteReceived", "context":{"id":"91e3eb77-9b53-4aee-a6dd-de731983690a", "isDeleted:":"true", "version":"1729825170761"}}
{"logTime": "1104/033732", "correlationVector":"0vUIo2muvGEst6gcckQlwM.198","action":"GetUpdates", "result":"DeleteReceived", "context":{"id":"c2b45923-8bd4-455e-be05-9317e12887d9", "isDeleted:":"true", "version":"1729825703183"}}
{"logTime": "1104/033732", "correlationVector":"0vUIo2muvGEst6gcckQlwM.199","action":"GetUpdates", "result":"DeleteReceived", "context":{"id":"864d770f-3e42-4448-9f03-981c9bc5ae97", "isDeleted:":"true", "version":"1729826012309"}}
{"logTime": "1104/033732", "correlationVector":"0vUIo2muvGEst6gcckQlwM.200","action":"GetUpdates", "result":"DeleteReceived", "context":{"id":"5db5fd0e-68f4-49bd-9149-487727545cb0", "isDeleted:":"true", "version":"1729826259371"}}
{"logTime": "1104/033732", "correlationVector":"0vUIo2muvGEst6gcckQlwM.201","action":"GetUpdates", "result":"DeleteReceived", "context":{"id":"b7db3c79-7f5b-4e08-a73e-7218f552aaf3", "isDeleted:":"true", "version":"1729826293322"}}
{"logTime": "1104/033732", "correlationVector":"0vUIo2muvGEst6gcckQlwM.202","action":"GetUpdates", "result":"DeleteReceived", "context":{"id":"eb4970b7-afe2-467f-bc51-bd7bf6decf15", "isDeleted:":"true", "version":"1729826293323"}}
{"logTime": "1104/033732", "correlationVector":"0vUIo2muvGEst6gcckQlwM.203","action":"GetUpdates", "result":"DeleteReceived", "context":{"id":"e44c5bc0-37c7-4c7d-8bfd-d8c3f6c1a23d", "isDeleted:":"true", "version":"1729826316258"}}
{"logTime": "1104/033732", "correlationVector":"0vUIo2muvGEst6gcckQlwM.204","action":"GetUpdates", "result":"DeleteReceived", "context":{"id":"ace947c4-ed34-4525-b164-44b95bf1bba7", "isDeleted:":"true", "version":"1729826900693"}}
{"logTime": "1104/033732", "correlationVector":"0vUIo2muvGEst6gcckQlwM.205","action":"GetUpdates", "result":"DeleteReceived", "context":{"id":"923c5b21-575c-4075-8ab2-8af2df61cd47", "isDeleted:":"true", "version":"1729827039552"}}
{"logTime": "1104/033732", "correlationVector":"0vUIo2muvGEst6gcckQlwM.206","action":"GetUpdates", "result":"DeleteReceived", "context":{"id":"6d627e67-626e-4515-91bc-008629b359c6", "isDeleted:":"true", "version":"1729830040749"}}
{"logTime": "1104/033732", "correlationVector":"0vUIo2muvGEst6gcckQlwM.207","action":"GetUpdates", "result":"DeleteReceived", "context":{"id":"151e5975-73cb-436b-8ef5-3ca0cec41840", "isDeleted:":"true", "version":"1729830040750"}}
{"logTime": "1104/033732", "correlationVector":"0vUIo2muvGEst6gcckQlwM.208","action":"GetUpdates", "result":"DeleteReceived", "context":{"id":"624eabb2-dd3e-45be-8411-515fdaef8052", "isDeleted:":"true", "version":"1729830900627"}}
{"logTime": "1104/033732", "correlationVector":"0vUIo2muvGEst6gcckQlwM.209","action":"GetUpdates", "result":"DeleteReceived", "context":{"id":"89be9d5d-9131-495b-ace1-449f52916308", "isDeleted:":"true", "version":"1729830961607"}}
{"logTime": "1104/033732", "correlationVector":"0vUIo2muvGEst6gcckQlwM.210","action":"GetUpdates", "result":"DeleteReceived", "context":{"id":"fe2fbae1-c7aa-4671-9b34-7f18821bc417", "isDeleted:":"true", "version":"1729831024891"}}
{"logTime": "1104/033732", "correlationVector":"0vUIo2muvGEst6gcckQlwM.211","action":"GetUpdates", "result":"DeleteReceived", "context":{"id":"79fe7e09-29e3-4e84-a5f4-21b010463f19", "isDeleted:":"true", "version":"1729831257919"}}
{"logTime": "1104/033732", "correlationVector":"0vUIo2muvGEst6gcckQlwM.212","action":"GetUpdates", "result":"DeleteReceived", "context":{"id":"58cd2c97-decc-4cdc-96dc-fbb050b325fc", "isDeleted:":"true", "version":"1729831539498"}}
{"logTime": "1104/033732", "correlationVector":"0vUIo2muvGEst6gcckQlwM.213","action":"GetUpdates", "result":"DeleteReceived", "context":{"id":"8de32228-2b4c-4a55-b675-c4abead518e6", "isDeleted:":"true", "version":"1729831778299"}}
{"logTime": "1104/033732", "correlationVector":"0vUIo2muvGEst6gcckQlwM.214","action":"GetUpdates", "result":"DeleteReceived", "context":{"id":"35450f50-2ce2-44b8-8821-8dab923dc857", "isDeleted:":"true", "version":"1729831827882"}}
{"logTime": "1104/033732", "correlationVector":"0vUIo2muvGEst6gcckQlwM.215","action":"GetUpdates", "result":"DeleteReceived", "context":{"id":"93f09842-132b-450d-b1ab-cba614299c39", "isDeleted:":"true", "version":"1729832227630"}}
{"logTime": "1104/033732", "correlationVector":"0vUIo2muvGEst6gcckQlwM.216","action":"GetUpdates", "result":"DeleteReceived", "context":{"id":"80222ab9-8ee1-40d0-a9ac-617ce2382a3d", "isDeleted:":"true", "version":"1729832303456"}}
{"logTime": "1104/033732", "correlationVector":"0vUIo2muvGEst6gcckQlwM.217","action":"GetUpdates", "result":"DeleteReceived", "context":{"id":"d27cb12b-2c5d-4d8b-a583-94955f79ae23", "isDeleted:":"true", "version":"1729832303457"}}
{"logTime": "1104/033732", "correlationVector":"0vUIo2muvGEst6gcckQlwM.218","action":"GetUpdates", "result":"DeleteReceived", "context":{"id":"fe736cbe-841f-495a-8d27-10d8c099caef", "isDeleted:":"true", "version":"1729832395767"}}
{"logTime": "1104/033732", "correlationVector":"0vUIo2muvGEst6gcckQlwM.219","action":"GetUpdates", "result":"DeleteReceived", "context":{"id":"ef1dbe9f-2210-4e8b-96d8-246c13773dd0", "isDeleted:":"true", "version":"1729832395768"}}
{"logTime": "1104/033732", "correlationVector":"0vUIo2muvGEst6gcckQlwM.220","action":"GetUpdates", "result":"DeleteReceived", "context":{"id":"27287081-ebe6-4a2a-bbe0-5bcee7666b91", "isDeleted:":"true", "version":"1729833315637"}}
{"logTime": "1104/033732", "correlationVector":"0vUIo2muvGEst6gcckQlwM.221","action":"GetUpdates", "result":"DeleteReceived", "context":{"id":"4d95b163-aafd-4dd6-8db7-083ae77db495", "isDeleted:":"true", "version":"1729833819363"}}
{"logTime": "1104/033732", "correlationVector":"0vUIo2muvGEst6gcckQlwM.222","action":"GetUpdates", "result":"DeleteReceived", "context":{"id":"c6e41557-9170-4345-b491-c1302868f261", "isDeleted:":"true", "version":"1729835215516"}}
{"logTime": "1104/033732", "correlationVector":"0vUIo2muvGEst6gcckQlwM.223","action":"GetUpdates", "result":"DeleteReceived", "context":{"id":"5ec5b310-a597-47fb-99ab-a1d19ffd1b24", "isDeleted:":"true", "version":"1729836146850"}}
{"logTime": "1104/033732", "correlationVector":"0vUIo2muvGEst6gcckQlwM.224","action":"GetUpdates Response", "result":"Success", "context":Received 250 update(s). cV=0vUIo2muvGEst6gcckQlwM.0;server=GENERAL0100001H;cloudType=Consumer;environment=Prod_SoutheastAsia_000j;migrationStage=NotStarted Some updates remain.}
{"logTime": "1104/033732", "correlationVector":"nvr8SMD5E+Sp518Zgj5mLb","action":"Initial GetUpdates", "result":"", "context":Reason: NEWLY_SUPPORTED_DATATYPE. cV=nvr8SMD5E+Sp518Zgj5mLb}
{"logTime": "1104/033733", "correlationVector":"nvr8SMD5E+Sp518Zgj5mLb.1","action":"SyncServerConnectionManagerRequest", "result":"SYNC_SERVER_OK", "context":{"environment":"Prod_SoutheastAsia_000j", "migrationStage":"NotStarted", "server":"GENERAL01000011"}}
{"logTime": "1104/033733", "correlationVector":"nvr8SMD5E+Sp518Zgj5mLb.2","action":"GetUpdates", "result":"DeleteReceived", "context":{"id":"199eb9cc-6f45-4df2-a98b-45e6334cb121", "isDeleted:":"true", "version":"1730101268989"}}
{"logTime": "1104/033733", "correlationVector":"nvr8SMD5E+Sp518Zgj5mLb.3","action":"GetUpdates", "result":"DeleteReceived", "context":{"id":"8a1dcc91-1f9a-4ac6-a2a7-1b7c1a06fa86", "isDeleted:":"true", "version":"1730101268990"}}
{"logTime": "1104/033733", "correlationVector":"nvr8SMD5E+Sp518Zgj5mLb.4","action":"GetUpdates", "result":"DeleteReceived", "context":{"id":"2f816f80-19a9-436d-8c59-be57f273c504", "isDeleted:":"true", "version":"1730101268991"}}
{"logTime": "1104/033733", "correlationVector":"nvr8SMD5E+Sp518Zgj5mLb.5","action":"GetUpdates", "result":"DeleteReceived", "context":{"id":"ea167300-bc4c-4cf7-b87f-6e036c6d53d5", "isDeleted:":"true", "version":"1729836213006"}}
{"logTime": "1104/033733", "correlationVector":"nvr8SMD5E+Sp518Zgj5mLb.6","action":"GetUpdates", "result":"DeleteReceived", "context":{"id":"1c1cf008-fb48-4330-9c9c-666d569a9427", "isDeleted:":"true", "version":"1729836213009"}}
{"logTime": "1104/033733", "correlationVector":"nvr8SMD5E+Sp518Zgj5mLb.7","action":"GetUpdates", "result":"DeleteReceived", "context":{"id":"ece7d51f-fd87-4e7f-b3ae-93a59cf017f3", "isDeleted:":"true", "version":"1729839567841"}}
{"logTime": "1104/033733", "correlationVector":"nvr8SMD5E+Sp518Zgj5mLb.8","action":"GetUpdates", "result":"DeleteReceived", "context":{"id":"15c4a469-2d63-4093-9206-f9b1992d004e", "isDeleted:":"true", "version":"1729839901031"}}
{"logTime": "1104/033733", "correlationVector":"nvr8SMD5E+Sp518Zgj5mLb.9","action":"GetUpdates", "result":"DeleteReceived", "context":{"id":"977d3dea-eefa-479c-ab8b-188ad4ce9b7f", "isDeleted:":"true", "version":"1729840361201"}}
{"logTime": "1104/033733", "correlationVector":"nvr8SMD5E+Sp518Zgj5mLb.10","action":"GetUpdates", "result":"DeleteReceived", "context":{"id":"fba508e7-6c1c-4aa4-820c-74cb7043ce6f", "isDeleted:":"true", "version":"1729841362386"}}
{"logTime": "1104/033733", "correlationVector":"nvr8SMD5E+Sp518Zgj5mLb.11","action":"GetUpdates", "result":"DeleteReceived", "context":{"id":"6c0c94c4-1179-42a6-ab05-59d0c22c5fe2", "isDeleted:":"true", "version":"1729841362388"}}
{"logTime": "1104/033733", "correlationVector":"nvr8SMD5E+Sp518Zgj5mLb.12","action":"GetUpdates", "result":"DeleteReceived", "context":{"id":"cb6f4e8f-f43d-42bb-85b8-e47d503907a9", "isDeleted:":"true", "version":"1729841362389"}}
{"logTime": "1104/033733", "correlationVector":"nvr8SMD5E+Sp518Zgj5mLb.13","action":"GetUpdates", "result":"DeleteReceived", "context":{"id":"86c6919d-0afe-4a97-a39e-28b1f48b57b7", "isDeleted:":"true", "version":"1729841421169"}}
{"logTime": "1104/033733", "correlationVector":"nvr8SMD5E+Sp518Zgj5mLb.14","action":"GetUpdates", "result":"DeleteReceived", "context":{"id":"39c0e7b5-4433-4fed-9673-951e2b1943d8", "isDeleted:":"true", "version":"1729841538678"}}
{"logTime": "1104/033733", "correlationVector":"nvr8SMD5E+Sp518Zgj5mLb.15","action":"GetUpdates", "result":"DeleteReceived", "context":{"id":"e79b42bb-ccf4-4559-a84a-68def2dab899", "isDeleted:":"true", "version":"1729841538679"}}
{"logTime": "1104/033733", "correlationVector":"nvr8SMD5E+Sp518Zgj5mLb.16","action":"GetUpdates", "result":"DeleteReceived", "context":{"id":"d42ee92b-d05b-486c-98a3-94121b6bfdfe", "isDeleted:":"true", "version":"1729841538681"}}
{"logTime": "1104/033733", "correlationVector":"nvr8SMD5E+Sp518Zgj5mLb.17","action":"GetUpdates", "result":"DeleteReceived", "context":{"id":"e8bdd4f6-809a-4a82-b192-df281c7d9a45", "isDeleted:":"true", "version":"1729841797578"}}
{"logTime": "1104/033733", "correlationVector":"nvr8SMD5E+Sp518Zgj5mLb.18","action":"GetUpdates", "result":"DeleteReceived", "context":{"id":"d6544020-096c-4e12-b561-760e762d6753", "isDeleted:":"true", "version":"1729841839224"}}
{"logTime": "1104/033733", "correlationVector":"nvr8SMD5E+Sp518Zgj5mLb.19","action":"GetUpdates", "result":"DeleteReceived", "context":{"id":"7fb52a1c-186d-410d-b56c-a7659de77082", "isDeleted:":"true", "version":"1729841839226"}}
{"logTime": "1104/033733", "correlationVector":"nvr8SMD5E+Sp518Zgj5mLb.20","action":"GetUpdates", "result":"DeleteReceived", "context":{"id":"1073bd45-c5be-4168-aa2c-42a90c62fc1b", "isDeleted:":"true", "version":"1729841872773"}}
{"logTime": "1104/033733", "correlationVector":"nvr8SMD5E+Sp518Zgj5mLb.21","action":"GetUpdates", "result":"DeleteReceived", "context":{"id":"d25ebd2e-58f3-433a-bb5f-0e4a71961c29", "isDeleted:":"true", "version":"1729841872775"}}
{"logTime": "1104/033733", "correlationVector":"nvr8SMD5E+Sp518Zgj5mLb.22","action":"GetUpdates", "result":"DeleteReceived", "context":{"id":"47635e07-1149-4ed8-baba-17dcda4fe21a", "isDeleted:":"true", "version":"1729841872777"}}
{"logTime": "1104/033733", "correlationVector":"nvr8SMD5E+Sp518Zgj5mLb.23","action":"GetUpdates", "result":"DeleteReceived", "context":{"id":"ac2de896-31f0-4630-92c9-23931b70eff8", "isDeleted:":"true", "version":"1729841900961"}}
{"logTime": "1104/033733", "correlationVector":"nvr8SMD5E+Sp518Zgj5mLb.24","action":"GetUpdates", "result":"DeleteReceived", "context":{"id":"ba267b4e-5a97-4efb-ba4b-670fd15e5237", "isDeleted:":"true", "version":"1729842503644"}}
{"logTime": "1104/033733", "correlationVector":"nvr8SMD5E+Sp518Zgj5mLb.25","action":"GetUpdates", "result":"DeleteReceived", "context":{"id":"a06c5a81-20a4-4ebc-88f2-4a8c1d6830a3", "isDeleted:":"true", "version":"1729842587136"}}
{"logTime": "1104/033733", "correlationVector":"nvr8SMD5E+Sp518Zgj5mLb.26","action":"GetUpdates", "result":"DeleteReceived", "context":{"id":"72ef5ad4-d57f-4862-9b0c-90d11e1e2f61", "isDeleted:":"true", "version":"1729842587139"}}
{"logTime": "1104/033733", "correlationVector":"nvr8SMD5E+Sp518Zgj5mLb.27","action":"GetUpdates", "result":"DeleteReceived", "context":{"id":"39580d6c-c6c8-4668-93ed-c061643a1b43", "isDeleted:":"true", "version":"1729842587140"}}
{"logTime": "1104/033733", "correlationVector":"nvr8SMD5E+Sp518Zgj5mLb.28","action":"GetUpdates", "result":"DeleteReceived", "context":{"id":"186521c0-9704-4bf1-a520-4027cb836b50", "isDeleted:":"true", "version":"1729842612592"}}
{"logTime": "1104/033733", "correlationVector":"nvr8SMD5E+Sp518Zgj5mLb.29","action":"GetUpdates", "result":"DeleteReceived", "context":{"id":"972a9153-6e48-449d-90eb-6f5313b2516c", "isDeleted:":"true", "version":"1729842612593"}}
{"logTime": "1104/033733", "correlationVector":"nvr8SMD5E+Sp518Zgj5mLb.30","action":"GetUpdates", "result":"DeleteReceived", "context":{"id":"7848ebd3-d671-48c4-b4c5-5eb20d87b292", "isDeleted:":"true", "version":"1729842665128"}}
{"logTime": "1104/033733", "correlationVector":"nvr8SMD5E+Sp518Zgj5mLb.31","action":"GetUpdates", "result":"DeleteReceived", "context":{"id":"b1188c13-f813-4d02-888c-f13ea2342b97", "isDeleted:":"true", "version":"1729842902774"}}
{"logTime": "1104/033733", "correlationVector":"nvr8SMD5E+Sp518Zgj5mLb.32","action":"GetUpdates", "result":"DeleteReceived", "context":{"id":"a567d1f0-bc0f-4392-943f-3f9564e02421", "isDeleted:":"true", "version":"1729843502916"}}
{"logTime": "1104/033733", "correlationVector":"nvr8SMD5E+Sp518Zgj5mLb.33","action":"GetUpdates", "result":"DeleteReceived", "context":{"id":"cebb23d3-f336-4dae-998e-8adb137095f9", "isDeleted:":"true", "version":"1729844154177"}}
{"logTime": "1104/033733", "correlationVector":"nvr8SMD5E+Sp518Zgj5mLb.34","action":"GetUpdates", "result":"DeleteReceived", "context":{"id":"60e004df-b97a-472f-8641-13dc3fb3ab84", "isDeleted:":"true", "version":"1729844309243"}}
{"logTime": "1104/033733", "correlationVector":"nvr8SMD5E+Sp518Zgj5mLb.35","action":"GetUpdates", "result":"DeleteReceived", "context":{"id":"a22959c6-4ff4-4864-876d-a7ab71d7d815", "isDeleted:":"true", "version":"1729844588068"}}
{"logTime": "1104/033733", "correlationVector":"nvr8SMD5E+Sp518Zgj5mLb.36","action":"GetUpdates", "result":"DeleteReceived", "context":{"id":"65df4140-3a75-4545-86f0-3eb22dbd99c5", "isDeleted:":"true", "version":"1729844588069"}}
{"logTime": "1104/033733", "correlationVector":"nvr8SMD5E+Sp518Zgj5mLb.37","action":"GetUpdates", "result":"DeleteReceived", "context":{"id":"2e862d49-74ae-4894-8302-8b4c407aca4b", "isDeleted:":"true", "version":"1729844588071"}}
{"logTime": "1104/033733", "correlationVector":"nvr8SMD5E+Sp518Zgj5mLb.38","action":"GetUpdates", "result":"DeleteReceived", "context":{"id":"ecbed3c6-d8b2-4b28-b9db-8f4faa4be074", "isDeleted:":"true", "version":"1729844958234"}}
{"logTime": "1104/033733", "correlationVector":"nvr8SMD5E+Sp518Zgj5mLb.39","action":"GetUpdates", "result":"DeleteReceived", "context":{"id":"4c43f4e9-9437-4438-9d94-e89afe389744", "isDeleted:":"true", "version":"1729846211129"}}
{"logTime": "1104/033733", "correlationVector":"nvr8SMD5E+Sp518Zgj5mLb.40","action":"GetUpdates", "result":"DeleteReceived", "context":{"id":"0cef0e13-b563-4ff6-894a-0e73dd3b1430", "isDeleted:":"true", "version":"1729846848442"}}
{"logTime": "1104/033733", "correlationVector":"nvr8SMD5E+Sp518Zgj5mLb.41","action":"GetUpdates", "result":"DeleteReceived", "context":{"id":"d9fe6650-d240-480c-b449-30d11892bba8", "isDeleted:":"true", "version":"1729846998542"}}
{"logTime": "1104/033733", "correlationVector":"nvr8SMD5E+Sp518Zgj5mLb.42","action":"GetUpdates", "result":"DeleteReceived", "context":{"id":"f7651487-d860-4b18-9182-566e502a2825", "isDeleted:":"true", "version":"1729847013501"}}
{"logTime": "1104/033733", "correlationVector":"nvr8SMD5E+Sp518Zgj5mLb.43","action":"GetUpdates", "result":"DeleteReceived", "context":{"id":"0f77f2b0-29db-4eea-8d11-b0d2c3bfbfc2", "isDeleted:":"true", "version":"1729847379404"}}
{"logTime": "1104/033733", "correlationVector":"nvr8SMD5E+Sp518Zgj5mLb.44","action":"GetUpdates", "result":"DeleteReceived", "context":{"id":"7068aaa7-a6bf-4f49-ae0d-868e437fa149", "isDeleted:":"true", "version":"1729847544033"}}
{"logTime": "1104/033733", "correlationVector":"nvr8SMD5E+Sp518Zgj5mLb.45","action":"GetUpdates", "result":"DeleteReceived", "context":{"id":"d4fa5fdd-63d7-42e0-8fab-ce9d281079c4", "isDeleted:":"true", "version":"1729847627590"}}
{"logTime": "1104/033733", "correlationVector":"nvr8SMD5E+Sp518Zgj5mLb.46","action":"GetUpdates", "result":"DeleteReceived", "context":{"id":"755c2249-27e7-4b9d-b219-54d24c1edd66", "isDeleted:":"true", "version":"1729847627591"}}
{"logTime": "1104/033733", "correlationVector":"nvr8SMD5E+Sp518Zgj5mLb.47","action":"GetUpdates", "result":"DeleteReceived", "context":{"id":"84f4f10a-ba32-4a9f-8fbd-75ab51ae563e", "isDeleted:":"true", "version":"1729847627592"}}
{"logTime": "1104/033733", "correlationVector":"nvr8SMD5E+Sp518Zgj5mLb.48","action":"GetUpdates", "result":"DeleteReceived", "context":{"id":"44faebe4-01a0-45ff-a41a-3fe916eab8f7", "isDeleted:":"true", "version":"1729847972812"}}
{"logTime": "1104/033733", "correlationVector":"nvr8SMD5E+Sp518Zgj5mLb.49","action":"GetUpdates", "result":"DeleteReceived", "context":{"id":"13f3103a-199d-4872-80b0-339305a7ded0", "isDeleted:":"true", "version":"1729848085220"}}
{"logTime": "1104/033733", "correlationVector":"nvr8SMD5E+Sp518Zgj5mLb.50","action":"GetUpdates", "result":"DeleteReceived", "context":{"id":"7796aa98-aa05-4c37-96d8-94d1769f7e70", "isDeleted:":"true", "version":"1729849851807"}}
{"logTime": "1104/033733", "correlationVector":"nvr8SMD5E+Sp518Zgj5mLb.51","action":"GetUpdates", "result":"DeleteReceived", "context":{"id":"df2f3371-266c-4b09-9667-520837e7d520", "isDeleted:":"true", "version":"1729873043919"}}
{"logTime": "1104/033733", "correlationVector":"nvr8SMD5E+Sp518Zgj5mLb.52","action":"GetUpdates", "result":"DeleteReceived", "context":{"id":"27d7c7a7-5896-4838-9466-528b80609d9c", "isDeleted:":"true", "version":"1729987622782"}}
{"logTime": "1104/033733", "correlationVector":"nvr8SMD5E+Sp518Zgj5mLb.53","action":"GetUpdates", "result":"DeleteReceived", "context":{"id":"398a9db7-5257-406f-bd31-533b3492c93f", "isDeleted:":"true", "version":"1730074295705"}}
{"logTime": "1104/033733", "correlationVector":"nvr8SMD5E+Sp518Zgj5mLb.54","action":"GetUpdates", "result":"DeleteReceived", "context":{"id":"1990575f-6c63-467f-a7ba-76e3bb255989", "isDeleted:":"true", "version":"1730080143869"}}
{"logTime": "1104/033733", "correlationVector":"nvr8SMD5E+Sp518Zgj5mLb.55","action":"GetUpdates", "result":"DeleteReceived", "context":{"id":"770d9208-49ed-492d-9642-9b13e9e578bf", "isDeleted:":"true", "version":"1730080780993"}}
{"logTime": "1104/033733", "correlationVector":"nvr8SMD5E+Sp518Zgj5mLb.56","action":"GetUpdates", "result":"DeleteReceived", "context":{"id":"8d265571-da25-4177-b4cc-d8560c5eedb0", "isDeleted:":"true", "version":"1730080780994"}}
{"logTime": "1104/033733", "correlationVector":"nvr8SMD5E+Sp518Zgj5mLb.57","action":"GetUpdates", "result":"DeleteReceived", "context":{"id":"138a0728-eec0-486e-8e33-37a8d7084f9e", "isDeleted:":"true", "version":"1730085733396"}}
{"logTime": "1104/033733", "correlationVector":"nvr8SMD5E+Sp518Zgj5mLb.58","action":"GetUpdates", "result":"DeleteReceived", "context":{"id":"c8ef52c9-aac5-47cb-a920-574569fcb380", "isDeleted:":"true", "version":"1730086917887"}}
{"logTime": "1104/033733", "correlationVector":"nvr8SMD5E+Sp518Zgj5mLb.59","action":"GetUpdates", "result":"DeleteReceived", "context":{"id":"d7c51e82-8bbc-4ca9-ae1c-645dea907482", "isDeleted:":"true", "version":"1730086937888"}}
{"logTime": "1104/033733", "correlationVector":"nvr8SMD5E+Sp518Zgj5mLb.60","action":"GetUpdates", "result":"DeleteReceived", "context":{"id":"aea658c1-13c7-4d4e-88a6-a830117a98c0", "isDeleted:":"true", "version":"1730087447404"}}
{"logTime": "1104/033733", "correlationVector":"nvr8SMD5E+Sp518Zgj5mLb.61","action":"GetUpdates", "result":"DeleteReceived", "context":{"id":"3a2dfd39-881b-4193-bb74-97cea2fe63a1", "isDeleted:":"true", "version":"1730087447406"}}
{"logTime": "1104/033733", "correlationVector":"nvr8SMD5E+Sp518Zgj5mLb.62","action":"GetUpdates", "result":"DeleteReceived", "context":{"id":"803daf04-b51c-4dc7-ab92-6daf2bdd464f", "isDeleted:":"true", "version":"1730087447407"}}
{"logTime": "1104/033733", "correlationVector":"nvr8SMD5E+Sp518Zgj5mLb.63","action":"GetUpdates", "result":"DeleteReceived", "context":{"id":"0a115069-a2d2-47a2-9d43-77fbacc266aa", "isDeleted:":"true", "version":"1730087479564"}}
{"logTime": "1104/033733", "correlationVector":"nvr8SMD5E+Sp518Zgj5mLb.64","action":"GetUpdates", "result":"DeleteReceived", "context":{"id":"7ae5b207-ff46-4ea9-adfe-b4dc0caaa5ff", "isDeleted:":"true", "version":"1730087724227"}}
{"logTime": "1104/033733", "correlationVector":"nvr8SMD5E+Sp518Zgj5mLb.65","action":"GetUpdates", "result":"DeleteReceived", "context":{"id":"5676e593-8dfa-49c1-bdf5-ef2737840646", "isDeleted:":"true", "version":"1730087756600"}}
{"logTime": "1104/033733", "correlationVector":"nvr8SMD5E+Sp518Zgj5mLb.66","action":"GetUpdates", "result":"DeleteReceived", "context":{"id":"54c85974-c8fa-44ad-9294-fa7f247d7216", "isDeleted:":"true", "version":"1730087756603"}}
{"logTime": "1104/033733", "correlationVector":"nvr8SMD5E+Sp518Zgj5mLb.67","action":"GetUpdates", "result":"DeleteReceived", "context":{"id":"950d5914-7bfb-4e99-a07a-ccf713d6754a", "isDeleted:":"true", "version":"1730087880258"}}
{"logTime": "1104/033733", "correlationVector":"nvr8SMD5E+Sp518Zgj5mLb.68","action":"GetUpdates", "result":"DeleteReceived", "context":{"id":"35615c5f-0575-4536-b47a-4c65515d8acf", "isDeleted:":"true", "version":"1730087915236"}}
{"logTime": "1104/033733", "correlationVector":"nvr8SMD5E+Sp518Zgj5mLb.69","action":"GetUpdates", "result":"DeleteReceived", "context":{"id":"d70de2b0-ab7a-446e-a812-b2c80978979c", "isDeleted:":"true", "version":"1730087915238"}}
{"logTime": "1104/033733", "correlationVector":"nvr8SMD5E+Sp518Zgj5mLb.70","action":"GetUpdates", "result":"DeleteReceived", "context":{"id":"ee4411ab-4221-4fc5-ad81-622dc0eca9ba", "isDeleted:":"true", "version":"1730087915239"}}
{"logTime": "1104/033733", "correlationVector":"nvr8SMD5E+Sp518Zgj5mLb.71","action":"GetUpdates", "result":"DeleteReceived", "context":{"id":"891a1bf5-0fdc-46c4-9a16-1083c278e88c", "isDeleted:":"true", "version":"1730090935487"}}
{"logTime": "1104/033733", "correlationVector":"nvr8SMD5E+Sp518Zgj5mLb.72","action":"GetUpdates", "result":"DeleteReceived", "context":{"id":"15e4434e-5260-42ad-8d52-70f195c61d92", "isDeleted:":"true", "version":"1730090935488"}}
{"logTime": "1104/033733", "correlationVector":"nvr8SMD5E+Sp518Zgj5mLb.73","action":"GetUpdates", "result":"DeleteReceived", "context":{"id":"9115394b-ea59-4732-ae3a-d594bac664fe", "isDeleted:":"true", "version":"1730090935489"}}
{"logTime": "1104/033733", "correlationVector":"nvr8SMD5E+Sp518Zgj5mLb.74","action":"GetUpdates", "result":"DeleteReceived", "context":{"id":"c41e3901-47bc-490c-ad05-cad1bcde18e3", "isDeleted:":"true", "version":"1730090935490"}}
{"logTime": "1104/033733", "correlationVector":"nvr8SMD5E+Sp518Zgj5mLb.75","action":"GetUpdates", "result":"DeleteReceived", "context":{"id":"8753cf26-9a84-4b25-9d5b-1ebaf922644a", "isDeleted:":"true", "version":"1730090935492"}}
{"logTime": "1104/033733", "correlationVector":"nvr8SMD5E+Sp518Zgj5mLb.76","action":"GetUpdates", "result":"DeleteReceived", "context":{"id":"72173c03-80bc-41d6-b6de-24a1ec1b8027", "isDeleted:":"true", "version":"1730093561106"}}
{"logTime": "1104/033733", "correlationVector":"nvr8SMD5E+Sp518Zgj5mLb.77","action":"GetUpdates", "result":"DeleteReceived", "context":{"id":"411a8b68-8acb-4519-b088-f187a77315de", "isDeleted:":"true", "version":"1730098164888"}}
{"logTime": "1104/033733", "correlationVector":"nvr8SMD5E+Sp518Zgj5mLb.78","action":"GetUpdates", "result":"DeleteReceived", "context":{"id":"2c2ef483-3f2b-4ea7-b209-7d012ba24543", "isDeleted:":"true", "version":"1730099610583"}}
{"logTime": "1104/033733", "correlationVector":"nvr8SMD5E+Sp518Zgj5mLb.79","action":"GetUpdates", "result":"DeleteReceived", "context":{"id":"b430bbb9-4ddb-4aef-9b3f-965b81b244ee", "isDeleted:":"true", "version":"1730100740908"}}
{"logTime": "1104/033733", "correlationVector":"nvr8SMD5E+Sp518Zgj5mLb.80","action":"GetUpdates", "result":"DeleteReceived", "context":{"id":"1a862f79-035a-4e7b-9c20-df123ba68ee8", "isDeleted:":"true", "version":"1730101281005"}}
{"logTime": "1104/033733", "correlationVector":"nvr8SMD5E+Sp518Zgj5mLb.81","action":"GetUpdates", "result":"DeleteReceived", "context":{"id":"85bd73fc-6d66-497a-a8fe-d166263114ce", "isDeleted:":"true", "version":"1730101281006"}}
{"logTime": "1104/033733", "correlationVector":"nvr8SMD5E+Sp518Zgj5mLb.82","action":"GetUpdates", "result":"DeleteReceived", "context":{"id":"f6482cc0-16ec-4d9a-b3bf-fdaad907be3b", "isDeleted:":"true", "version":"1730101281007"}}
{"logTime": "1104/033733", "correlationVector":"nvr8SMD5E+Sp518Zgj5mLb.83","action":"GetUpdates", "result":"DeleteReceived", "context":{"id":"fc15a249-0bc1-4031-8742-d9042a1de338", "isDeleted:":"true", "version":"1730102331064"}}
{"logTime": "1104/033733", "correlationVector":"nvr8SMD5E+Sp518Zgj5mLb.84","action":"GetUpdates", "result":"DeleteReceived", "context":{"id":"d2eec7b5-1b3e-42e6-8c0a-cd0c87f4f746", "isDeleted:":"true", "version":"1730102331066"}}
{"logTime": "1104/033733", "correlationVector":"nvr8SMD5E+Sp518Zgj5mLb.85","action":"GetUpdates", "result":"DeleteReceived", "context":{"id":"eb5e207c-fb45-4d24-b427-c144068fcb68", "isDeleted:":"true", "version":"1730104716511"}}
{"logTime": "1104/033733", "correlationVector":"nvr8SMD5E+Sp518Zgj5mLb.86","action":"GetUpdates", "result":"DeleteReceived", "context":{"id":"94f32323-e816-4dd1-b2ad-b45caf875c12", "isDeleted:":"true", "version":"1730106117251"}}
{"logTime": "1104/033733", "correlationVector":"nvr8SMD5E+Sp518Zgj5mLb.87","action":"GetUpdates", "result":"DeleteReceived", "context":{"id":"82b5d80b-ae52-4176-beaa-d6f72fe315b0", "isDeleted:":"true", "version":"1730106156348"}}
{"logTime": "1104/033733", "correlationVector":"nvr8SMD5E+Sp518Zgj5mLb.88","action":"GetUpdates", "result":"DeleteReceived", "context":{"id":"98e3f673-2a49-44b8-9085-1bc1e99772ad", "isDeleted:":"true", "version":"1730106355410"}}
{"logTime": "1104/033733", "correlationVector":"nvr8SMD5E+Sp518Zgj5mLb.89","action":"GetUpdates", "result":"DeleteReceived", "context":{"id":"61720cd6-6221-48f6-8427-90010437ee4f", "isDeleted:":"true", "version":"1730106355412"}}
{"logTime": "1104/033733", "correlationVector":"nvr8SMD5E+Sp518Zgj5mLb.90","action":"GetUpdates", "result":"DeleteReceived", "context":{"id":"47575662-9346-4134-8b4d-821ae50156c7", "isDeleted:":"true", "version":"1730106387967"}}
{"logTime": "1104/033733", "correlationVector":"nvr8SMD5E+Sp518Zgj5mLb.91","action":"GetUpdates", "result":"DeleteReceived", "context":{"id":"ce0ce850-3346-419b-aeb2-38c5e1c26cb8", "isDeleted:":"true", "version":"1730106387968"}}
{"logTime": "1104/033733", "correlationVector":"nvr8SMD5E+Sp518Zgj5mLb.92","action":"GetUpdates", "result":"DeleteReceived", "context":{"id":"46bfb345-86bf-400b-921d-c4818b430f44", "isDeleted:":"true", "version":"1730106841763"}}
{"logTime": "1104/033733", "correlationVector":"nvr8SMD5E+Sp518Zgj5mLb.93","action":"GetUpdates", "result":"DeleteReceived", "context":{"id":"9e0d4fec-ad36-47e4-b229-c598f40fd7d1", "isDeleted:":"true", "version":"1730107622261"}}
{"logTime": "1104/033733", "correlationVector":"nvr8SMD5E+Sp518Zgj5mLb.94","action":"GetUpdates", "result":"DeleteReceived", "context":{"id":"e4e32934-5694-4045-8dc7-a1ecfc2cfd86", "isDeleted:":"true", "version":"1730107833990"}}
{"logTime": "1104/033733", "correlationVector":"nvr8SMD5E+Sp518Zgj5mLb.95","action":"GetUpdates", "result":"DeleteReceived", "context":{"id":"f7f142a7-2f8b-4652-93a2-2583d51e3484", "isDeleted:":"true", "version":"1730107982010"}}
{"logTime": "1104/033733", "correlationVector":"nvr8SMD5E+Sp518Zgj5mLb.96","action":"GetUpdates", "result":"DeleteReceived", "context":{"id":"07ec5139-12b7-4a1c-81f8-d1dbae361d7e", "isDeleted:":"true", "version":"1730108050094"}}
{"logTime": "1104/033733", "correlationVector":"nvr8SMD5E+Sp518Zgj5mLb.97","action":"GetUpdates", "result":"DeleteReceived", "context":{"id":"9da6357d-5491-45e4-b504-d6f9139b7ad6", "isDeleted:":"true", "version":"1730108050096"}}
{"logTime": "1104/033733", "correlationVector":"nvr8SMD5E+Sp518Zgj5mLb.98","action":"GetUpdates", "result":"DeleteReceived", "context":{"id":"39d63de4-5b53-4cf4-b446-0479886564e9", "isDeleted:":"true", "version":"1730108062658"}}
{"logTime": "1104/033733", "correlationVector":"nvr8SMD5E+Sp518Zgj5mLb.99","action":"GetUpdates", "result":"DeleteReceived", "context":{"id":"ed210caa-6129-4595-b09f-60d3fc08a874", "isDeleted:":"true", "version":"1730108062660"}}
{"logTime": "1104/033733", "correlationVector":"nvr8SMD5E+Sp518Zgj5mLb.100","action":"GetUpdates", "result":"DeleteReceived", "context":{"id":"ab17d341-868c-4626-9f29-b5468d9bb18c", "isDeleted:":"true", "version":"1730108062662"}}
{"logTime": "1104/033733", "correlationVector":"nvr8SMD5E+Sp518Zgj5mLb.101","action":"GetUpdates", "result":"DeleteReceived", "context":{"id":"bdb8d75c-b572-4374-8963-65533fe79770", "isDeleted:":"true", "version":"1730108062663"}}
{"logTime": "1104/033733", "correlationVector":"nvr8SMD5E+Sp518Zgj5mLb.102","action":"GetUpdates", "result":"DeleteReceived", "context":{"id":"0c281c4a-6a75-4a50-abf6-307c70c5ec78", "isDeleted:":"true", "version":"1730167240682"}}
{"logTime": "1104/033733", "correlationVector":"nvr8SMD5E+Sp518Zgj5mLb.103","action":"GetUpdates", "result":"DeleteReceived", "context":{"id":"497ffec9-e289-4ba4-8ee6-22e914a22b8f", "isDeleted:":"true", "version":"1730167240683"}}
{"logTime": "1104/033733", "correlationVector":"nvr8SMD5E+Sp518Zgj5mLb.104","action":"GetUpdates", "result":"DeleteReceived", "context":{"id":"56668503-cd6f-4ec3-9031-e11868f79ed2", "isDeleted:":"true", "version":"1730170023277"}}
{"logTime": "1104/033733", "correlationVector":"nvr8SMD5E+Sp518Zgj5mLb.105","action":"GetUpdates", "result":"DeleteReceived", "context":{"id":"7a1bc326-bd1e-45a0-8f15-2c645fa5406e", "isDeleted:":"true", "version":"1730171716469"}}
{"logTime": "1104/033733", "correlationVector":"nvr8SMD5E+Sp518Zgj5mLb.106","action":"GetUpdates", "result":"DeleteReceived", "context":{"id":"76660071-bd24-4b26-ba0b-f193be535dcc", "isDeleted:":"true", "version":"1730174406449"}}
{"logTime": "1104/033733", "correlationVector":"nvr8SMD5E+Sp518Zgj5mLb.107","action":"GetUpdates", "result":"DeleteReceived", "context":{"id":"417ca7f1-2359-47d4-b6ac-b3a37435605b", "isDeleted:":"true", "version":"1730174406451"}}
{"logTime": "1104/033733", "correlationVector":"nvr8SMD5E+Sp518Zgj5mLb.108","action":"GetUpdates", "result":"DeleteReceived", "context":{"id":"57c6dfef-1023-4606-998f-738a40115b28", "isDeleted:":"true", "version":"1730174493065"}}
{"logTime": "1104/033733", "correlationVector":"nvr8SMD5E+Sp518Zgj5mLb.109","action":"GetUpdates", "result":"DeleteReceived", "context":{"id":"94f3ccbe-d0b2-4c38-864f-219dca8fa241", "isDeleted:":"true", "version":"1730174720642"}}
{"logTime": "1104/033733", "correlationVector":"nvr8SMD5E+Sp518Zgj5mLb.110","action":"GetUpdates", "result":"DeleteReceived", "context":{"id":"5814e8ff-ef4a-4c13-abaa-2851ac22b5c5", "isDeleted:":"true", "version":"1730175668219"}}
{"logTime": "1104/033733", "correlationVector":"nvr8SMD5E+Sp518Zgj5mLb.111","action":"GetUpdates", "result":"DeleteReceived", "context":{"id":"8abbf06f-1afd-485a-8f1f-3d37f090e861", "isDeleted:":"true", "version":"1730175668221"}}
{"logTime": "1104/033733", "correlationVector":"nvr8SMD5E+Sp518Zgj5mLb.112","action":"GetUpdates", "result":"DeleteReceived", "context":{"id":"ac3425ef-f2fb-40fe-9d7b-bd956478c07d", "isDeleted:":"true", "version":"1730175943956"}}
{"logTime": "1104/033733", "correlationVector":"nvr8SMD5E+Sp518Zgj5mLb.113","action":"GetUpdates", "result":"DeleteReceived", "context":{"id":"cf09a1c6-fcc5-4f8f-9fab-4c89cc3bbb26", "isDeleted:":"true", "version":"1730176494797"}}
{"logTime": "1104/033733", "correlationVector":"nvr8SMD5E+Sp518Zgj5mLb.114","action":"GetUpdates", "result":"DeleteReceived", "context":{"id":"adf5ac37-19f8-4486-a5a1-bd789f2ff257", "isDeleted:":"true", "version":"1730177379865"}}
{"logTime": "1104/033733", "correlationVector":"nvr8SMD5E+Sp518Zgj5mLb.115","action":"GetUpdates", "result":"DeleteReceived", "context":{"id":"e1248d9a-f60c-4623-9dab-7cc455642864", "isDeleted:":"true", "version":"1730177402569"}}
{"logTime": "1104/033733", "correlationVector":"nvr8SMD5E+Sp518Zgj5mLb.116","action":"GetUpdates", "result":"DeleteReceived", "context":{"id":"c7ac601f-944a-430b-8281-39651ac7e91e", "isDeleted:":"true", "version":"1730177510813"}}
{"logTime": "1104/033733", "correlationVector":"nvr8SMD5E+Sp518Zgj5mLb.117","action":"GetUpdates", "result":"DeleteReceived", "context":{"id":"f1caf80b-07a9-4e8f-aa45-bee395ae30f3", "isDeleted:":"true", "version":"1730178641477"}}
{"logTime": "1104/033733", "correlationVector":"nvr8SMD5E+Sp518Zgj5mLb.118","action":"GetUpdates", "result":"DeleteReceived", "context":{"id":"d3ed7cff-44e6-4421-8a6e-fdd382d7acbc", "isDeleted:":"true", "version":"1730179164750"}}
{"logTime": "1104/033733", "correlationVector":"nvr8SMD5E+Sp518Zgj5mLb.119","action":"GetUpdates", "result":"DeleteReceived", "context":{"id":"cc22ef18-5495-49eb-8b73-5240ba061830", "isDeleted:":"true", "version":"1730179980034"}}
{"logTime": "1104/033733", "correlationVector":"nvr8SMD5E+Sp518Zgj5mLb.120","action":"GetUpdates", "result":"DeleteReceived", "context":{"id":"3e24abb5-100f-45f0-be7f-e1f2f4af95c7", "isDeleted:":"true", "version":"1730181400357"}}
{"logTime": "1104/033733", "correlationVector":"nvr8SMD5E+Sp518Zgj5mLb.121","action":"GetUpdates", "result":"DeleteReceived", "context":{"id":"053e0d71-8e38-4c4a-83a6-029c33dd459e", "isDeleted:":"true", "version":"1730185734199"}}
{"logTime": "1104/033733", "correlationVector":"nvr8SMD5E+Sp518Zgj5mLb.122","action":"GetUpdates", "result":"DeleteReceived", "context":{"id":"c931f6c6-9330-468c-8259-8ff2e83efa3b", "isDeleted:":"true", "version":"1730186587958"}}
{"logTime": "1104/033733", "correlationVector":"nvr8SMD5E+Sp518Zgj5mLb.123","action":"GetUpdates", "result":"DeleteReceived", "context":{"id":"2dae7a95-9e0a-4e22-98f7-37136845c0ba", "isDeleted:":"true", "version":"1730186587959"}}
{"logTime": "1104/033733", "correlationVector":"nvr8SMD5E+Sp518Zgj5mLb.124","action":"GetUpdates", "result":"DeleteReceived", "context":{"id":"b9e1e703-30f8-4e56-a676-65326e060e6b", "isDeleted:":"true", "version":"1730186587960"}}
{"logTime": "1104/033733", "correlationVector":"nvr8SMD5E+Sp518Zgj5mLb.125","action":"GetUpdates", "result":"DeleteReceived", "context":{"id":"84e84713-a6c3-44f4-a220-2acbb2007cb6", "isDeleted:":"true", "version":"1730186587963"}}
{"logTime": "1104/033733", "correlationVector":"nvr8SMD5E+Sp518Zgj5mLb.126","action":"GetUpdates", "result":"DeleteReceived", "context":{"id":"330bba17-ce27-422c-967e-7f8a2ea36967", "isDeleted:":"true", "version":"1730186587964"}}
{"logTime": "1104/033733", "correlationVector":"nvr8SMD5E+Sp518Zgj5mLb.127","action":"GetUpdates", "result":"DeleteReceived", "context":{"id":"73fd4df7-980a-42d0-af9d-c8e95b3c89bf", "isDeleted:":"true", "version":"1730186672309"}}
{"logTime": "1104/033733", "correlationVector":"nvr8SMD5E+Sp518Zgj5mLb.128","action":"GetUpdates", "result":"DeleteReceived", "context":{"id":"b9186724-95e4-4503-a650-279d5adf1fbc", "isDeleted:":"true", "version":"1730186845889"}}
{"logTime": "1104/033733", "correlationVector":"nvr8SMD5E+Sp518Zgj5mLb.129","action":"GetUpdates", "result":"DeleteReceived", "context":{"id":"da9f4ac4-68ab-4ce4-938d-eb405b1d5a4e", "isDeleted:":"true", "version":"1730186876566"}}
{"logTime": "1104/033733", "correlationVector":"nvr8SMD5E+Sp518Zgj5mLb.130","action":"GetUpdates", "result":"DeleteReceived", "context":{"id":"f2530537-b8e8-45bf-afa2-9178dce0c223", "isDeleted:":"true", "version":"1730186876567"}}
{"logTime": "1104/033733", "correlationVector":"nvr8SMD5E+Sp518Zgj5mLb.131","action":"GetUpdates", "result":"DeleteReceived", "context":{"id":"1d7f7e84-15ff-42d1-9c09-0ae016dbf6fc", "isDeleted:":"true", "version":"1730187211548"}}
{"logTime": "1104/033733", "correlationVector":"nvr8SMD5E+Sp518Zgj5mLb.132","action":"GetUpdates", "result":"DeleteReceived", "context":{"id":"0d78fe14-5719-4673-aed5-edc468ba8368", "isDeleted:":"true", "version":"1730187400976"}}
{"logTime": "1104/033733", "correlationVector":"nvr8SMD5E+Sp518Zgj5mLb.133","action":"GetUpdates", "result":"DeleteReceived", "context":{"id":"f37de48a-5a90-4611-bf7d-88a3de9c397d", "isDeleted:":"true", "version":"1730188101344"}}
{"logTime": "1104/033733", "correlationVector":"nvr8SMD5E+Sp518Zgj5mLb.134","action":"GetUpdates", "result":"DeleteReceived", "context":{"id":"c45c2dd6-e1a5-4344-9d55-033e9384dcdb", "isDeleted:":"true", "version":"1730190589305"}}
{"logTime": "1104/033733", "correlationVector":"nvr8SMD5E+Sp518Zgj5mLb.135","action":"GetUpdates", "result":"DeleteReceived", "context":{"id":"73a0f636-f79f-4919-bb58-0505a56f6c18", "isDeleted:":"true", "version":"1730192136982"}}
{"logTime": "1104/033733", "correlationVector":"nvr8SMD5E+Sp518Zgj5mLb.136","action":"GetUpdates", "result":"DeleteReceived", "context":{"id":"d4e772c8-41a8-4a6e-898e-f69fb461c514", "isDeleted:":"true", "version":"1730192709102"}}
{"logTime": "1104/033733", "correlationVector":"nvr8SMD5E+Sp518Zgj5mLb.137","action":"GetUpdates", "result":"DeleteReceived", "context":{"id":"c5db44de-85b6-4a7e-802c-85f5d3b589dc", "isDeleted:":"true", "version":"1730192709103"}}
{"logTime": "1104/033733", "correlationVector":"nvr8SMD5E+Sp518Zgj5mLb.138","action":"GetUpdates", "result":"DeleteReceived", "context":{"id":"b8955190-f1f7-42f0-b30a-ccaa6f7c8e50", "isDeleted:":"true", "version":"1730194152495"}}
{"logTime": "1104/033733", "correlationVector":"nvr8SMD5E+Sp518Zgj5mLb.139","action":"GetUpdates", "result":"DeleteReceived", "context":{"id":"2493e3e4-386b-4031-b288-6d9a3c28813a", "isDeleted:":"true", "version":"1730196642969"}}
{"logTime": "1104/033733", "correlationVector":"nvr8SMD5E+Sp518Zgj5mLb.140","action":"GetUpdates", "result":"DeleteReceived", "context":{"id":"48ebd057-0ec9-4573-8133-f53a25dea9ac", "isDeleted:":"true", "version":"1730255122627"}}
{"logTime": "1104/033733", "correlationVector":"nvr8SMD5E+Sp518Zgj5mLb.141","action":"GetUpdates", "result":"DeleteReceived", "context":{"id":"b2b8d937-6134-460f-b84b-92bbdaaf0f4e", "isDeleted:":"true", "version":"1730255122629"}}
{"logTime": "1104/033733", "correlationVector":"nvr8SMD5E+Sp518Zgj5mLb.142","action":"GetUpdates", "result":"DeleteReceived", "context":{"id":"a4880b18-e322-4082-be21-52df853eb711", "isDeleted:":"true", "version":"1730255814722"}}
{"logTime": "1104/033733", "correlationVector":"nvr8SMD5E+Sp518Zgj5mLb.143","action":"GetUpdates", "result":"DeleteReceived", "context":{"id":"698d5c1d-ae34-4426-bdc9-7abee0318b47", "isDeleted:":"true", "version":"1730256298990"}}
{"logTime": "1104/033733", "correlationVector":"nvr8SMD5E+Sp518Zgj5mLb.144","action":"GetUpdates", "result":"DeleteReceived", "context":{"id":"a5e78f0f-6a4b-4da6-a37c-faaa5326fa7b", "isDeleted:":"true", "version":"1730258903730"}}
{"logTime": "1104/033733", "correlationVector":"nvr8SMD5E+Sp518Zgj5mLb.145","action":"GetUpdates", "result":"DeleteReceived", "context":{"id":"6d12ca0a-1eb9-4b18-9261-0f3edaa89106", "isDeleted:":"true", "version":"1730258903731"}}
{"logTime": "1104/033733", "correlationVector":"nvr8SMD5E+Sp518Zgj5mLb.146","action":"GetUpdates", "result":"DeleteReceived", "context":{"id":"b6f6e851-b2dd-4297-97ee-0728c1f0ed17", "isDeleted:":"true", "version":"1730258934249"}}
{"logTime": "1104/033733", "correlationVector":"nvr8SMD5E+Sp518Zgj5mLb.147","action":"GetUpdates", "result":"DeleteReceived", "context":{"id":"70dfa350-e0a6-420b-9c48-ec6bd95068f0", "isDeleted:":"true", "version":"1730259510869"}}
{"logTime": "1104/033733", "correlationVector":"nvr8SMD5E+Sp518Zgj5mLb.148","action":"GetUpdates", "result":"DeleteReceived", "context":{"id":"5bf5afe3-1196-4fbd-800c-e3a7e46ab57f", "isDeleted:":"true", "version":"1730259825613"}}
{"logTime": "1104/033733", "correlationVector":"nvr8SMD5E+Sp518Zgj5mLb.149","action":"GetUpdates", "result":"DeleteReceived", "context":{"id":"5b17d0f5-c630-449a-9bb1-96fcf74dfcc9", "isDeleted:":"true", "version":"1730259825614"}}
{"logTime": "1104/033733", "correlationVector":"nvr8SMD5E+Sp518Zgj5mLb.150","action":"GetUpdates", "result":"DeleteReceived", "context":{"id":"141f0ea2-e3ef-4266-b5f3-f5bd14d00d1f", "isDeleted:":"true", "version":"1730259825615"}}
{"logTime": "1104/033733", "correlationVector":"nvr8SMD5E+Sp518Zgj5mLb.151","action":"GetUpdates", "result":"DeleteReceived", "context":{"id":"215ccb66-70a3-40aa-9a17-74c5b2c5d942", "isDeleted:":"true", "version":"1730259825616"}}
{"logTime": "1104/033733", "correlationVector":"nvr8SMD5E+Sp518Zgj5mLb.152","action":"GetUpdates", "result":"DeleteReceived", "context":{"id":"33a493aa-f94e-4704-8e21-5232790089ec", "isDeleted:":"true", "version":"1730262326254"}}
{"logTime": "1104/033733", "correlationVector":"nvr8SMD5E+Sp518Zgj5mLb.153","action":"GetUpdates", "result":"DeleteReceived", "context":{"id":"1ac75a80-881c-4f3f-987a-1198bb0831d6", "isDeleted:":"true", "version":"1730264631661"}}
{"logTime": "1104/033733", "correlationVector":"nvr8SMD5E+Sp518Zgj5mLb.154","action":"GetUpdates", "result":"DeleteReceived", "context":{"id":"b50e60d6-4237-495e-a808-c6f6ef793f98", "isDeleted:":"true", "version":"1730267117235"}}
{"logTime": "1104/033733", "correlationVector":"nvr8SMD5E+Sp518Zgj5mLb.155","action":"GetUpdates", "result":"DeleteReceived", "context":{"id":"660506f9-6630-4890-8f75-7f897a37b409", "isDeleted:":"true", "version":"1730271803114"}}
{"logTime": "1104/033733", "correlationVector":"nvr8SMD5E+Sp518Zgj5mLb.156","action":"GetUpdates", "result":"DeleteReceived", "context":{"id":"889a33dd-9f29-4fb5-a7fe-b55bf70416f8", "isDeleted:":"true", "version":"1730271878251"}}
{"logTime": "1104/033733", "correlationVector":"nvr8SMD5E+Sp518Zgj5mLb.157","action":"GetUpdates", "result":"DeleteReceived", "context":{"id":"452aa1af-6867-4dad-9dce-aeaab8e71ee7", "isDeleted:":"true", "version":"1730271983253"}}
{"logTime": "1104/033733", "correlationVector":"nvr8SMD5E+Sp518Zgj5mLb.158","action":"GetUpdates", "result":"DeleteReceived", "context":{"id":"51feef7c-cf73-49a1-a707-59d079a52bd4", "isDeleted:":"true", "version":"1730275568859"}}
{"logTime": "1104/033733", "correlationVector":"nvr8SMD5E+Sp518Zgj5mLb.159","action":"GetUpdates", "result":"DeleteReceived", "context":{"id":"b27020aa-f73d-4280-87c7-1bb6c8da1d5b", "isDeleted:":"true", "version":"1730275568860"}}
{"logTime": "1104/033733", "correlationVector":"nvr8SMD5E+Sp518Zgj5mLb.160","action":"GetUpdates", "result":"DeleteReceived", "context":{"id":"223c942a-1366-4c56-9646-ba4d2ccd06ff", "isDeleted:":"true", "version":"1730275684742"}}
{"logTime": "1104/033733", "correlationVector":"nvr8SMD5E+Sp518Zgj5mLb.161","action":"GetUpdates", "result":"DeleteReceived", "context":{"id":"96d3cb32-cfda-4eb6-ab83-2f350cefd2cd", "isDeleted:":"true", "version":"1730275961826"}}
{"logTime": "1104/033733", "correlationVector":"nvr8SMD5E+Sp518Zgj5mLb.162","action":"GetUpdates", "result":"DeleteReceived", "context":{"id":"4f346e0f-34f6-48ac-8a19-9d5abd06f149", "isDeleted:":"true", "version":"1730275961829"}}
{"logTime": "1104/033733", "correlationVector":"nvr8SMD5E+Sp518Zgj5mLb.163","action":"GetUpdates", "result":"DeleteReceived", "context":{"id":"52553e2a-9ac7-4d12-95c9-8e797dfaece7", "isDeleted:":"true", "version":"1730275996025"}}
{"logTime": "1104/033733", "correlationVector":"nvr8SMD5E+Sp518Zgj5mLb.164","action":"GetUpdates", "result":"DeleteReceived", "context":{"id":"d1d4e4d7-d514-4bbf-8c65-69a63d322246", "isDeleted:":"true", "version":"1730275996027"}}
{"logTime": "1104/033733", "correlationVector":"nvr8SMD5E+Sp518Zgj5mLb.165","action":"GetUpdates", "result":"DeleteReceived", "context":{"id":"b3fb4164-44b4-46fc-a23b-12534aa1ccbc", "isDeleted:":"true", "version":"1730276213027"}}
{"logTime": "1104/033733", "correlationVector":"nvr8SMD5E+Sp518Zgj5mLb.166","action":"GetUpdates", "result":"DeleteReceived", "context":{"id":"92c1fc12-5bbf-42a4-af24-39995665cb54", "isDeleted:":"true", "version":"1730276924554"}}
{"logTime": "1104/033733", "correlationVector":"nvr8SMD5E+Sp518Zgj5mLb.167","action":"GetUpdates", "result":"DeleteReceived", "context":{"id":"4521b219-e588-4083-a99e-d5f07f496bc9", "isDeleted:":"true", "version":"1730277608006"}}
{"logTime": "1104/033733", "correlationVector":"nvr8SMD5E+Sp518Zgj5mLb.168","action":"GetUpdates", "result":"DeleteReceived", "context":{"id":"ba0cbd43-8b98-4e42-b14f-0871561a9d0e", "isDeleted:":"true", "version":"1730277746432"}}
{"logTime": "1104/033733", "correlationVector":"nvr8SMD5E+Sp518Zgj5mLb.169","action":"GetUpdates", "result":"DeleteReceived", "context":{"id":"a3a654cc-1877-49be-b536-02997deb1321", "isDeleted:":"true", "version":"1730277852317"}}
{"logTime": "1104/033733", "correlationVector":"nvr8SMD5E+Sp518Zgj5mLb.170","action":"GetUpdates", "result":"DeleteReceived", "context":{"id":"b781a2f6-5e9e-4749-ae6b-8f177458ec7e", "isDeleted:":"true", "version":"1730277858671"}}
{"logTime": "1104/033733", "correlationVector":"nvr8SMD5E+Sp518Zgj5mLb.171","action":"GetUpdates", "result":"DeleteReceived", "context":{"id":"842f6e99-6003-428d-ae47-568b48e77179", "isDeleted:":"true", "version":"1730278002331"}}
{"logTime": "1104/033733", "correlationVector":"nvr8SMD5E+Sp518Zgj5mLb.172","action":"GetUpdates", "result":"DeleteReceived", "context":{"id":"5eeb8a36-bd3f-43fe-ae2b-f4d17b4d6136", "isDeleted:":"true", "version":"1730278038181"}}
{"logTime": "1104/033733", "correlationVector":"nvr8SMD5E+Sp518Zgj5mLb.173","action":"GetUpdates", "result":"DeleteReceived", "context":{"id":"933f3718-62dd-487d-833a-784a79fdcdc5", "isDeleted:":"true", "version":"1730278636405"}}
{"logTime": "1104/033733", "correlationVector":"nvr8SMD5E+Sp518Zgj5mLb.174","action":"GetUpdates", "result":"DeleteReceived", "context":{"id":"c01049ef-21ca-45eb-b5bd-046c7713503e", "isDeleted:":"true", "version":"1730279239751"}}
{"logTime": "1104/033733", "correlationVector":"nvr8SMD5E+Sp518Zgj5mLb.175","action":"GetUpdates", "result":"DeleteReceived", "context":{"id":"b8281057-3929-4b32-8baf-f6e5b68a6a6a", "isDeleted:":"true", "version":"1730280313218"}}
{"logTime": "1104/033733", "correlationVector":"nvr8SMD5E+Sp518Zgj5mLb.176","action":"GetUpdates", "result":"DeleteReceived", "context":{"id":"aa346455-e212-48ce-bab2-ab3086849524", "isDeleted:":"true", "version":"1730281915254"}}
{"logTime": "1104/033733", "correlationVector":"nvr8SMD5E+Sp518Zgj5mLb.177","action":"GetUpdates", "result":"DeleteReceived", "context":{"id":"317da739-5b5f-4a76-ad44-15be8ce0c780", "isDeleted:":"true", "version":"1730339799419"}}
{"logTime": "1104/033733", "correlationVector":"nvr8SMD5E+Sp518Zgj5mLb.178","action":"GetUpdates", "result":"DeleteReceived", "context":{"id":"fc718593-e78e-4624-8592-d8e57d5d7cb2", "isDeleted:":"true", "version":"1730339799421"}}
{"logTime": "1104/033733", "correlationVector":"nvr8SMD5E+Sp518Zgj5mLb.179","action":"GetUpdates", "result":"DeleteReceived", "context":{"id":"509b3943-5abd-4a47-85f6-120dc491a10d", "isDeleted:":"true", "version":"1730339948888"}}
{"logTime": "1104/033733", "correlationVector":"nvr8SMD5E+Sp518Zgj5mLb.180","action":"GetUpdates", "result":"DeleteReceived", "context":{"id":"5cf9ba01-48fe-4f0c-ab9f-d2341143ec7c", "isDeleted:":"true", "version":"1730341528247"}}
{"logTime": "1104/033733", "correlationVector":"nvr8SMD5E+Sp518Zgj5mLb.181","action":"GetUpdates", "result":"DeleteReceived", "context":{"id":"12a749d3-deae-4230-9a8a-5f27eaa9fe98", "isDeleted:":"true", "version":"1730341528248"}}
{"logTime": "1104/033733", "correlationVector":"nvr8SMD5E+Sp518Zgj5mLb.182","action":"GetUpdates", "result":"DeleteReceived", "context":{"id":"e7aeab20-ee24-4c33-9a19-50b7d0ceeeb2", "isDeleted:":"true", "version":"1730341874824"}}
{"logTime": "1104/033733", "correlationVector":"nvr8SMD5E+Sp518Zgj5mLb.183","action":"GetUpdates", "result":"DeleteReceived", "context":{"id":"1a3d102b-d70a-46fc-b097-95769b26fc82", "isDeleted:":"true", "version":"1730341914362"}}
{"logTime": "1104/033733", "correlationVector":"nvr8SMD5E+Sp518Zgj5mLb.184","action":"GetUpdates", "result":"DeleteReceived", "context":{"id":"4b07ff1c-0f1d-4d66-9bc7-c466c3fd8c38", "isDeleted:":"true", "version":"1730342277419"}}
{"logTime": "1104/033733", "correlationVector":"nvr8SMD5E+Sp518Zgj5mLb.185","action":"GetUpdates", "result":"DeleteReceived", "context":{"id":"4fed08b9-ea0d-4dd0-9a4b-514c98d9239e", "isDeleted:":"true", "version":"1730342277420"}}
{"logTime": "1104/033733", "correlationVector":"nvr8SMD5E+Sp518Zgj5mLb.186","action":"GetUpdates", "result":"DeleteReceived", "context":{"id":"968e2485-4867-4d40-8cd9-455e7dcedf39", "isDeleted:":"true", "version":"1730342277422"}}
{"logTime": "1104/033733", "correlationVector":"nvr8SMD5E+Sp518Zgj5mLb.187","action":"GetUpdates", "result":"DeleteReceived", "context":{"id":"8f032a45-349a-4908-8c64-ab906d015ea3", "isDeleted:":"true", "version":"1730342331579"}}
{"logTime": "1104/033733", "correlationVector":"nvr8SMD5E+Sp518Zgj5mLb.188","action":"GetUpdates", "result":"DeleteReceived", "context":{"id":"ad667016-fdd7-4438-9e62-bb72e46db3fb", "isDeleted:":"true", "version":"1730342429479"}}
{"logTime": "1104/033733", "correlationVector":"nvr8SMD5E+Sp518Zgj5mLb.189","action":"GetUpdates", "result":"DeleteReceived", "context":{"id":"281c5eb9-0160-4668-a1d1-8014fb29e080", "isDeleted:":"true", "version":"1730348100188"}}
{"logTime": "1104/033733", "correlationVector":"nvr8SMD5E+Sp518Zgj5mLb.190","action":"GetUpdates", "result":"DeleteReceived", "context":{"id":"6a0aa952-c697-4f88-b162-e3e2dfe7b2b3", "isDeleted:":"true", "version":"1730349563052"}}
{"logTime": "1104/033733", "correlationVector":"nvr8SMD5E+Sp518Zgj5mLb.191","action":"GetUpdates", "result":"DeleteReceived", "context":{"id":"7ce917cd-48f0-4b80-8e6d-4dc60da73200", "isDeleted:":"true", "version":"1730360705274"}}
{"logTime": "1104/033733", "correlationVector":"nvr8SMD5E+Sp518Zgj5mLb.192","action":"GetUpdates", "result":"DeleteReceived", "context":{"id":"a405ff85-3571-4096-94c1-8e8d6ded7da8", "isDeleted:":"true", "version":"1730361352158"}}
{"logTime": "1104/033733", "correlationVector":"nvr8SMD5E+Sp518Zgj5mLb.193","action":"GetUpdates", "result":"DeleteReceived", "context":{"id":"03599b06-75a3-4d95-a599-8e14e3f4c8bb", "isDeleted:":"true", "version":"1730362540577"}}
{"logTime": "1104/033733", "correlationVector":"nvr8SMD5E+Sp518Zgj5mLb.194","action":"GetUpdates", "result":"DeleteReceived", "context":{"id":"002ed2ac-8bdb-452a-a096-7d7021228c9f", "isDeleted:":"true", "version":"1730362541342"}}
{"logTime": "1104/033733", "correlationVector":"nvr8SMD5E+Sp518Zgj5mLb.195","action":"GetUpdates", "result":"DeleteReceived", "context":{"id":"88f3680a-b6cc-431b-9012-f22d3bb588e0", "isDeleted:":"true", "version":"1730362541343"}}
{"logTime": "1104/033733", "correlationVector":"nvr8SMD5E+Sp518Zgj5mLb.196","action":"GetUpdates", "result":"DeleteReceived", "context":{"id":"0870e6d1-b18c-437a-ac19-c47e3b26c810", "isDeleted:":"true", "version":"1730365825819"}}
{"logTime": "1104/033733", "correlationVector":"nvr8SMD5E+Sp518Zgj5mLb.197","action":"GetUpdates", "result":"DeleteReceived", "context":{"id":"8de93684-12e1-44f7-9001-3791d66424b3", "isDeleted:":"true", "version":"1730365825820"}}
{"logTime": "1104/033733", "correlationVector":"nvr8SMD5E+Sp518Zgj5mLb.198","action":"GetUpdates", "result":"DeleteReceived", "context":{"id":"e8c3d258-b45d-4ad8-9bb0-ed04b1cd10fd", "isDeleted:":"true", "version":"1730367953337"}}
{"logTime": "1104/033733", "correlationVector":"nvr8SMD5E+Sp518Zgj5mLb.199","action":"GetUpdates", "result":"DeleteReceived", "context":{"id":"b9dc506b-7c17-4d36-9864-2233659ba840", "isDeleted:":"true", "version":"1730367953339"}}
{"logTime": "1104/033733", "correlationVector":"nvr8SMD5E+Sp518Zgj5mLb.200","action":"GetUpdates", "result":"DeleteReceived", "context":{"id":"380e0b51-ca1f-4046-bce2-06dfc1e3627e", "isDeleted:":"true", "version":"1730368138745"}}
{"logTime": "1104/033733", "correlationVector":"nvr8SMD5E+Sp518Zgj5mLb.201","action":"GetUpdates", "result":"DeleteReceived", "context":{"id":"12665a2f-fb73-4dba-9e9d-aa124b09626b", "isDeleted:":"true", "version":"1730368138746"}}
{"logTime": "1104/033733", "correlationVector":"nvr8SMD5E+Sp518Zgj5mLb.202","action":"GetUpdates", "result":"DeleteReceived", "context":{"id":"d34cc47b-6d88-41cb-902f-0e07a313cf56", "isDeleted:":"true", "version":"1730368207760"}}
{"logTime": "1104/033733", "correlationVector":"nvr8SMD5E+Sp518Zgj5mLb.203","action":"GetUpdates", "result":"DeleteReceived", "context":{"id":"3d803301-fdd7-4b20-88aa-ab7777a95b05", "isDeleted:":"true", "version":"1730368207762"}}
{"logTime": "1104/033733", "correlationVector":"nvr8SMD5E+Sp518Zgj5mLb.204","action":"GetUpdates", "result":"DeleteReceived", "context":{"id":"610f8298-5e84-4b29-b183-205f48fe7d54", "isDeleted:":"true", "version":"1730368320185"}}
{"logTime": "1104/033733", "correlationVector":"nvr8SMD5E+Sp518Zgj5mLb.205","action":"GetUpdates", "result":"DeleteReceived", "context":{"id":"e434f4ea-4a28-4470-a53f-7bf29a9dd562", "isDeleted:":"true", "version":"1730368488117"}}
{"logTime": "1104/033733", "correlationVector":"nvr8SMD5E+Sp518Zgj5mLb.206","action":"GetUpdates", "result":"DeleteReceived", "context":{"id":"a715fb31-f51b-49e6-a899-7769b244a435", "isDeleted:":"true", "version":"1730368488118"}}
{"logTime": "1104/033733", "correlationVector":"nvr8SMD5E+Sp518Zgj5mLb.207","action":"GetUpdates", "result":"DeleteReceived", "context":{"id":"2d413775-dd67-4c68-9efc-f0cb0670fc1a", "isDeleted:":"true", "version":"1730369912444"}}
{"logTime": "1104/033733", "correlationVector":"nvr8SMD5E+Sp518Zgj5mLb.208","action":"GetUpdates", "result":"DeleteReceived", "context":{"id":"f66de3d4-3071-4f48-84b5-09e89aae46a6", "isDeleted:":"true", "version":"1730425519115"}}
{"logTime": "1104/033733", "correlationVector":"nvr8SMD5E+Sp518Zgj5mLb.209","action":"GetUpdates", "result":"DeleteReceived", "context":{"id":"53135250-1a3e-4052-a542-ec00e10e7384", "isDeleted:":"true", "version":"1730425519116"}}
{"logTime": "1104/033733", "correlationVector":"nvr8SMD5E+Sp518Zgj5mLb.210","action":"GetUpdates", "result":"DeleteReceived", "context":{"id":"db7f244c-c16a-4a12-a9e2-e03cf1157f37", "isDeleted:":"true", "version":"1730425519117"}}
{"logTime": "1104/033733", "correlationVector":"nvr8SMD5E+Sp518Zgj5mLb.211","action":"GetUpdates", "result":"DeleteReceived", "context":{"id":"c829aadc-98a6-4cc7-a106-a2f38b8474c5", "isDeleted:":"true", "version":"1730425519119"}}
{"logTime": "1104/033733", "correlationVector":"nvr8SMD5E+Sp518Zgj5mLb.212","action":"GetUpdates", "result":"DeleteReceived", "context":{"id":"22000a9f-41ce-4ded-a167-5a08e0cea05d", "isDeleted:":"true", "version":"1730426270429"}}
{"logTime": "1104/033733", "correlationVector":"nvr8SMD5E+Sp518Zgj5mLb.213","action":"GetUpdates", "result":"DeleteReceived", "context":{"id":"714e6cd5-95f4-42b1-a7cc-d3aa0abf9cf3", "isDeleted:":"true", "version":"1730426687949"}}
{"logTime": "1104/033733", "correlationVector":"nvr8SMD5E+Sp518Zgj5mLb.214","action":"GetUpdates", "result":"DeleteReceived", "context":{"id":"8a9f9c27-ec8a-444c-b12d-ec13e385b676", "isDeleted:":"true", "version":"1730426916536"}}
{"logTime": "1104/033733", "correlationVector":"nvr8SMD5E+Sp518Zgj5mLb.215","action":"GetUpdates", "result":"DeleteReceived", "context":{"id":"ebd2a205-f868-44a3-b46d-9c4ecae27eec", "isDeleted:":"true", "version":"1729839567845"}}
{"logTime": "1104/033733", "correlationVector":"nvr8SMD5E+Sp518Zgj5mLb.216","action":"GetUpdates Response", "result":"Success", "context":Received 250 update(s). cV=nvr8SMD5E+Sp518Zgj5mLb.0;server=GENERAL01000011;cloudType=Consumer;environment=Prod_SoutheastAsia_000j;migrationStage=NotStarted Some updates remain.}
{"logTime": "1104/033733", "correlationVector":"ZBJDL8XX0+rjjHAF5oveYY","action":"Initial GetUpdates", "result":"", "context":Reason: NEWLY_SUPPORTED_DATATYPE. cV=ZBJDL8XX0+rjjHAF5oveYY}
{"logTime": "1104/033735", "correlationVector":"ZBJDL8XX0+rjjHAF5oveYY.1","action":"SyncServerConnectionManagerRequest", "result":"SYNC_SERVER_OK", "context":{"environment":"Prod_SoutheastAsia_000j", "migrationStage":"NotStarted", "server":"GENERAL03000027"}}
{"logTime": "1104/033735", "correlationVector":"ZBJDL8XX0+rjjHAF5oveYY.2","action":"GetUpdates", "result":"DeleteReceived", "context":{"id":"0516dd21-f163-43a0-b8c3-a05657e2c5f9", "isDeleted:":"true", "version":"1730427360893"}}
{"logTime": "1104/033735", "correlationVector":"ZBJDL8XX0+rjjHAF5oveYY.3","action":"GetUpdates", "result":"DeleteReceived", "context":{"id":"189442c2-5cdc-4b8e-a01d-74d226e73c6f", "isDeleted:":"true", "version":"1730427360894"}}
{"logTime": "1104/033735", "correlationVector":"ZBJDL8XX0+rjjHAF5oveYY.4","action":"GetUpdates", "result":"DeleteReceived", "context":{"id":"c02184c9-5b92-4822-ba5d-0215d173421f", "isDeleted:":"true", "version":"1730428571139"}}
{"logTime": "1104/033735", "correlationVector":"ZBJDL8XX0+rjjHAF5oveYY.5","action":"GetUpdates", "result":"DeleteReceived", "context":{"id":"da412806-90a6-442f-9506-926f3621129c", "isDeleted:":"true", "version":"1730428876487"}}
{"logTime": "1104/033735", "correlationVector":"ZBJDL8XX0+rjjHAF5oveYY.6","action":"GetUpdates", "result":"DeleteReceived", "context":{"id":"90f7c36d-30c7-45cf-b0f5-7cc9432bdc60", "isDeleted:":"true", "version":"1730429012646"}}
{"logTime": "1104/033735", "correlationVector":"ZBJDL8XX0+rjjHAF5oveYY.7","action":"GetUpdates", "result":"DeleteReceived", "context":{"id":"3bfed4d4-fcf9-4cd8-832f-958b621b4d7d", "isDeleted:":"true", "version":"1730429187440"}}
{"logTime": "1104/033735", "correlationVector":"ZBJDL8XX0+rjjHAF5oveYY.8","action":"GetUpdates", "result":"DeleteReceived", "context":{"id":"a5b1b654-eb30-442e-8eef-ad8b2f514963", "isDeleted:":"true", "version":"1730429187441"}}
{"logTime": "1104/033735", "correlationVector":"ZBJDL8XX0+rjjHAF5oveYY.9","action":"GetUpdates", "result":"DeleteReceived", "context":{"id":"13fd1191-1467-4a8a-a557-24a20232190e", "isDeleted:":"true", "version":"1730431011730"}}
{"logTime": "1104/033735", "correlationVector":"ZBJDL8XX0+rjjHAF5oveYY.10","action":"GetUpdates", "result":"DeleteReceived", "context":{"id":"8c384894-737e-47fc-b675-54f2d204548f", "isDeleted:":"true", "version":"1730431348986"}}
{"logTime": "1104/033735", "correlationVector":"ZBJDL8XX0+rjjHAF5oveYY.11","action":"GetUpdates", "result":"DeleteReceived", "context":{"id":"974773dc-0d0b-48ed-96fb-9e8a963006ff", "isDeleted:":"true", "version":"1730431799073"}}
{"logTime": "1104/033735", "correlationVector":"ZBJDL8XX0+rjjHAF5oveYY.12","action":"GetUpdates", "result":"DeleteReceived", "context":{"id":"756c3563-a337-41fb-b7ee-8ffa0064bdd3", "isDeleted:":"true", "version":"1730432395971"}}
{"logTime": "1104/033735", "correlationVector":"ZBJDL8XX0+rjjHAF5oveYY.13","action":"GetUpdates", "result":"DeleteReceived", "context":{"id":"008d6e34-c95a-4390-b2c1-0455c7d6b99e", "isDeleted:":"true", "version":"1730432472669"}}
{"logTime": "1104/033735", "correlationVector":"ZBJDL8XX0+rjjHAF5oveYY.14","action":"GetUpdates", "result":"DeleteReceived", "context":{"id":"86f59278-348a-4b08-a3db-c9b54e7aaef2", "isDeleted:":"true", "version":"1730432844782"}}
{"logTime": "1104/033735", "correlationVector":"ZBJDL8XX0+rjjHAF5oveYY.15","action":"GetUpdates", "result":"DeleteReceived", "context":{"id":"d74be5d3-f733-445d-9614-6f4e83132b34", "isDeleted:":"true", "version":"1730432844783"}}
{"logTime": "1104/033735", "correlationVector":"ZBJDL8XX0+rjjHAF5oveYY.16","action":"GetUpdates", "result":"DeleteReceived", "context":{"id":"f010b052-c642-4c06-9db4-676e3ce3dd1f", "isDeleted:":"true", "version":"1730433995182"}}
{"logTime": "1104/033735", "correlationVector":"ZBJDL8XX0+rjjHAF5oveYY.17","action":"GetUpdates", "result":"DeleteReceived", "context":{"id":"7062ef04-478e-4186-b78d-34be9988a57e", "isDeleted:":"true", "version":"1730434383483"}}
{"logTime": "1104/033735", "correlationVector":"ZBJDL8XX0+rjjHAF5oveYY.18","action":"GetUpdates", "result":"DeleteReceived", "context":{"id":"75373c49-0dcd-4262-b1ec-8d5e3a4f3136", "isDeleted:":"true", "version":"1730435111394"}}
{"logTime": "1104/033735", "correlationVector":"ZBJDL8XX0+rjjHAF5oveYY.19","action":"GetUpdates", "result":"DeleteReceived", "context":{"id":"0de37275-612b-47b3-ac9d-d977dcc2e575", "isDeleted:":"true", "version":"1730435120710"}}
{"logTime": "1104/033735", "correlationVector":"ZBJDL8XX0+rjjHAF5oveYY.20","action":"GetUpdates", "result":"DeleteReceived", "context":{"id":"9e10ff8f-0acb-4f0b-ab62-1289f180486d", "isDeleted:":"true", "version":"1730435377322"}}
{"logTime": "1104/033735", "correlationVector":"ZBJDL8XX0+rjjHAF5oveYY.21","action":"GetUpdates", "result":"DeleteReceived", "context":{"id":"635138cb-453b-46ad-90f9-2da1e78e644c", "isDeleted:":"true", "version":"1730435887524"}}
{"logTime": "1104/033735", "correlationVector":"ZBJDL8XX0+rjjHAF5oveYY.22","action":"GetUpdates", "result":"DeleteReceived", "context":{"id":"83f7b747-29de-474b-9da9-d02b3ec17faf", "isDeleted:":"true", "version":"1730439361700"}}
{"logTime": "1104/033735", "correlationVector":"ZBJDL8XX0+rjjHAF5oveYY.23","action":"GetUpdates", "result":"DeleteReceived", "context":{"id":"75b66412-1b53-49bf-9721-c08946b1d36e", "isDeleted:":"true", "version":"1730439733983"}}
{"logTime": "1104/033735", "correlationVector":"ZBJDL8XX0+rjjHAF5oveYY.24","action":"GetUpdates", "result":"DeleteReceived", "context":{"id":"b3e92535-9c6f-436e-8b86-c099af36df1f", "isDeleted:":"true", "version":"1730439815109"}}
{"logTime": "1104/033735", "correlationVector":"ZBJDL8XX0+rjjHAF5oveYY.25","action":"GetUpdates", "result":"DeleteReceived", "context":{"id":"9d92a9f8-f074-46a2-a026-d20e8c90c3f9", "isDeleted:":"true", "version":"1730440623317"}}
{"logTime": "1104/033735", "correlationVector":"ZBJDL8XX0+rjjHAF5oveYY.26","action":"GetUpdates", "result":"DeleteReceived", "context":{"id":"9e93e43e-bea0-4089-a2fb-b5f18e1bda9f", "isDeleted:":"true", "version":"1730440943134"}}
{"logTime": "1104/033735", "correlationVector":"ZBJDL8XX0+rjjHAF5oveYY.27","action":"GetUpdates", "result":"DeleteReceived", "context":{"id":"f3be5883-6dfd-420f-97ce-8af837f66c5f", "isDeleted:":"true", "version":"1730440943135"}}
{"logTime": "1104/033735", "correlationVector":"ZBJDL8XX0+rjjHAF5oveYY.28","action":"GetUpdates", "result":"DeleteReceived", "context":{"id":"86a458bb-a41c-43b6-b0c1-7d377b167d0e", "isDeleted:":"true", "version":"1730441254332"}}
{"logTime": "1104/033735", "correlationVector":"ZBJDL8XX0+rjjHAF5oveYY.29","action":"GetUpdates", "result":"DeleteReceived", "context":{"id":"140ce04e-1019-4636-9bbe-9fc168db2aac", "isDeleted:":"true", "version":"1730441475268"}}
{"logTime": "1104/033735", "correlationVector":"ZBJDL8XX0+rjjHAF5oveYY.30","action":"GetUpdates", "result":"DeleteReceived", "context":{"id":"9d039c8d-7b75-40d7-921b-0524eaa919ff", "isDeleted:":"true", "version":"1730441806438"}}
{"logTime": "1104/033735", "correlationVector":"ZBJDL8XX0+rjjHAF5oveYY.31","action":"GetUpdates", "result":"DeleteReceived", "context":{"id":"0d8e4bf8-b5c8-4d88-917b-e4e0634e59c1", "isDeleted:":"true", "version":"1730441951271"}}
{"logTime": "1104/033735", "correlationVector":"ZBJDL8XX0+rjjHAF5oveYY.32","action":"GetUpdates", "result":"DeleteReceived", "context":{"id":"2d7b046e-aa80-4dbe-8d44-ca50548ae0b5", "isDeleted:":"true", "version":"1730443179440"}}
{"logTime": "1104/033735", "correlationVector":"ZBJDL8XX0+rjjHAF5oveYY.33","action":"GetUpdates", "result":"DeleteReceived", "context":{"id":"37c6b1de-40e2-4992-bed5-7819c865bb22", "isDeleted:":"true", "version":"1730443243905"}}
{"logTime": "1104/033735", "correlationVector":"ZBJDL8XX0+rjjHAF5oveYY.34","action":"GetUpdates", "result":"DeleteReceived", "context":{"id":"0efd31ff-2ead-4aac-91b2-2b88e443b248", "isDeleted:":"true", "version":"1730443569154"}}
{"logTime": "1104/033735", "correlationVector":"ZBJDL8XX0+rjjHAF5oveYY.35","action":"GetUpdates", "result":"DeleteReceived", "context":{"id":"ade817e2-fe7c-4e2f-a2ff-8847fdeb6c06", "isDeleted:":"true", "version":"1730447088034"}}
{"logTime": "1104/033735", "correlationVector":"ZBJDL8XX0+rjjHAF5oveYY.36","action":"GetUpdates", "result":"DeleteReceived", "context":{"id":"b6f26b49-1742-4e8a-9b09-8e482b3d21ac", "isDeleted:":"true", "version":"1730447834757"}}
{"logTime": "1104/033735", "correlationVector":"ZBJDL8XX0+rjjHAF5oveYY.37","action":"GetUpdates", "result":"DeleteReceived", "context":{"id":"fa9f588b-3dc9-4ba9-956e-873d349ac6e4", "isDeleted:":"true", "version":"1730447869751"}}
{"logTime": "1104/033735", "correlationVector":"ZBJDL8XX0+rjjHAF5oveYY.38","action":"GetUpdates", "result":"DeleteReceived", "context":{"id":"3bdb4fb2-50c5-4eb5-a618-1c01c5b3bfce", "isDeleted:":"true", "version":"1730448534955"}}
{"logTime": "1104/033735", "correlationVector":"ZBJDL8XX0+rjjHAF5oveYY.39","action":"GetUpdates", "result":"DeleteReceived", "context":{"id":"3501dc76-d81d-4aa7-bb13-7d8b983c56e8", "isDeleted:":"true", "version":"1730448718658"}}
{"logTime": "1104/033735", "correlationVector":"ZBJDL8XX0+rjjHAF5oveYY.40","action":"GetUpdates", "result":"DeleteReceived", "context":{"id":"d93d5abd-b26e-4ce0-9646-e76d66a065c0", "isDeleted:":"true", "version":"1730449504315"}}
{"logTime": "1104/033735", "correlationVector":"ZBJDL8XX0+rjjHAF5oveYY.41","action":"GetUpdates", "result":"DeleteReceived", "context":{"id":"29832efb-1f33-44a8-920e-82630ba39700", "isDeleted:":"true", "version":"1730449539534"}}
{"logTime": "1104/033735", "correlationVector":"ZBJDL8XX0+rjjHAF5oveYY.42","action":"GetUpdates", "result":"DeleteReceived", "context":{"id":"09dcff0d-104f-4632-a645-dd4bdf9f9e13", "isDeleted:":"true", "version":"1730450115377"}}
{"logTime": "1104/033735", "correlationVector":"ZBJDL8XX0+rjjHAF5oveYY.43","action":"GetUpdates", "result":"DeleteReceived", "context":{"id":"dd9befd6-2e67-4916-9a65-db83061867d3", "isDeleted:":"true", "version":"1730450175224"}}
{"logTime": "1104/033735", "correlationVector":"ZBJDL8XX0+rjjHAF5oveYY.44","action":"GetUpdates", "result":"DeleteReceived", "context":{"id":"4c503dba-573b-4eb8-b80d-faa2d969ea56", "isDeleted:":"true", "version":"1730450626346"}}
{"logTime": "1104/033735", "correlationVector":"ZBJDL8XX0+rjjHAF5oveYY.45","action":"GetUpdates", "result":"DeleteReceived", "context":{"id":"7d15daa4-e0f7-4ade-868a-c5d0a8514be7", "isDeleted:":"true", "version":"1730453535767"}}
{"logTime": "1104/033735", "correlationVector":"ZBJDL8XX0+rjjHAF5oveYY.46","action":"GetUpdates", "result":"DeleteReceived", "context":{"id":"11ac2c1c-2673-4fd8-b59e-aabbd9ea3cea", "isDeleted:":"true", "version":"1730453639989"}}
{"logTime": "1104/033735", "correlationVector":"ZBJDL8XX0+rjjHAF5oveYY.47","action":"GetUpdates", "result":"DeleteReceived", "context":{"id":"a834f4d6-4cc8-4585-a93f-96ba257dcb43", "isDeleted:":"true", "version":"1730454837010"}}
{"logTime": "1104/033735", "correlationVector":"ZBJDL8XX0+rjjHAF5oveYY.48","action":"GetUpdates", "result":"DeleteReceived", "context":{"id":"95641315-e2c3-46ee-9862-663d21f05ec1", "isDeleted:":"true", "version":"1730455129044"}}
{"logTime": "1104/033735", "correlationVector":"ZBJDL8XX0+rjjHAF5oveYY.49","action":"GetUpdates", "result":"DeleteReceived", "context":{"id":"fe84ab6f-da16-4f21-8843-d5aadb9f6a37", "isDeleted:":"true", "version":"1730455233604"}}
{"logTime": "1104/033735", "correlationVector":"ZBJDL8XX0+rjjHAF5oveYY.50","action":"GetUpdates", "result":"DeleteReceived", "context":{"id":"62758354-6226-4e0c-95db-30deb0db5c32", "isDeleted:":"true", "version":"1730456032697"}}
{"logTime": "1104/033735", "correlationVector":"ZBJDL8XX0+rjjHAF5oveYY.51","action":"GetUpdates", "result":"DeleteReceived", "context":{"id":"f5b6ef85-5417-456f-84df-77691071bdeb", "isDeleted:":"true", "version":"1730456032699"}}
{"logTime": "1104/033735", "correlationVector":"ZBJDL8XX0+rjjHAF5oveYY.52","action":"GetUpdates", "result":"DeleteReceived", "context":{"id":"9d30616c-d7c0-4655-91b6-51457f0c53a4", "isDeleted:":"true", "version":"1730456032700"}}
{"logTime": "1104/033735", "correlationVector":"ZBJDL8XX0+rjjHAF5oveYY.53","action":"GetUpdates", "result":"DeleteReceived", "context":{"id":"75ef654e-4e1a-42e8-8ba6-2a640fcdf4e2", "isDeleted:":"true", "version":"1730456032701"}}
{"logTime": "1104/033735", "correlationVector":"ZBJDL8XX0+rjjHAF5oveYY.54","action":"GetUpdates", "result":"DeleteReceived", "context":{"id":"78a731b9-e5c4-4e2d-a943-5019d47e0e3d", "isDeleted:":"true", "version":"1730456032702"}}
{"logTime": "1104/033735", "correlationVector":"ZBJDL8XX0+rjjHAF5oveYY.55","action":"GetUpdates", "result":"DeleteReceived", "context":{"id":"b363f59c-f2c9-46bc-9c46-de9d62610d83", "isDeleted:":"true", "version":"1730456032703"}}
{"logTime": "1104/033735", "correlationVector":"ZBJDL8XX0+rjjHAF5oveYY.56","action":"GetUpdates", "result":"DeleteReceived", "context":{"id":"2e01b6c6-3670-4287-84fe-1f9c475a086d", "isDeleted:":"true", "version":"1730456042608"}}
{"logTime": "1104/033735", "correlationVector":"ZBJDL8XX0+rjjHAF5oveYY.57","action":"GetUpdates", "result":"DeleteReceived", "context":{"id":"a20ef62d-a7ad-46d6-b558-1e44a6aaad18", "isDeleted:":"true", "version":"1730456042613"}}
{"logTime": "1104/033735", "correlationVector":"ZBJDL8XX0+rjjHAF5oveYY.58","action":"GetUpdates", "result":"DeleteReceived", "context":{"id":"9192f757-4035-4a1e-927c-13a9e12df409", "isDeleted:":"true", "version":"1730456042614"}}
{"logTime": "1104/033735", "correlationVector":"ZBJDL8XX0+rjjHAF5oveYY.59","action":"GetUpdates", "result":"DeleteReceived", "context":{"id":"48620120-6082-4f72-8cbc-8715f280e84a", "isDeleted:":"true", "version":"1730456085133"}}
{"logTime": "1104/033735", "correlationVector":"ZBJDL8XX0+rjjHAF5oveYY.60","action":"GetUpdates", "result":"DeleteReceived", "context":{"id":"02f0a68b-b7c9-4747-b8e8-45f3fa1ab009", "isDeleted:":"true", "version":"1730456139588"}}
{"logTime": "1104/033735", "correlationVector":"ZBJDL8XX0+rjjHAF5oveYY.61","action":"GetUpdates", "result":"DeleteReceived", "context":{"id":"0622d5dd-f8f5-48c9-8958-a5a1a7c4daee", "isDeleted:":"true", "version":"1730456139592"}}
{"logTime": "1104/033735", "correlationVector":"ZBJDL8XX0+rjjHAF5oveYY.62","action":"GetUpdates", "result":"DeleteReceived", "context":{"id":"e3cca3ac-4025-4ca2-9736-24c3f9a4ad59", "isDeleted:":"true", "version":"1730456144945"}}
{"logTime": "1104/033735", "correlationVector":"ZBJDL8XX0+rjjHAF5oveYY.63","action":"GetUpdates", "result":"DeleteReceived", "context":{"id":"ea64abac-8a3d-4ede-bd8d-d9bff1139c58", "isDeleted:":"true", "version":"1730456144946"}}
{"logTime": "1104/033735", "correlationVector":"ZBJDL8XX0+rjjHAF5oveYY.64","action":"GetUpdates", "result":"DeleteReceived", "context":{"id":"b00d4eee-9b16-49b7-ac86-f9b55b087e29", "isDeleted:":"true", "version":"1730472159363"}}
{"logTime": "1104/033735", "correlationVector":"ZBJDL8XX0+rjjHAF5oveYY.65","action":"GetUpdates", "result":"DeleteReceived", "context":{"id":"ae7dbf66-41c0-4436-94c3-8dc6a6b95e05", "isDeleted:":"true", "version":"1730472159365"}}
{"logTime": "1104/033735", "correlationVector":"ZBJDL8XX0+rjjHAF5oveYY.66","action":"GetUpdates", "result":"DeleteReceived", "context":{"id":"19301757-71a1-4a04-bfcc-317fb14a89f4", "isDeleted:":"true", "version":"1730687510123"}}
{"logTime": "1104/033735", "correlationVector":"ZBJDL8XX0+rjjHAF5oveYY.67","action":"GetUpdates Response", "result":"Success", "context":Received 140 update(s). cV=ZBJDL8XX0+rjjHAF5oveYY.0;server=GENERAL03000027;cloudType=Consumer;environment=Prod_SoutheastAsia_000j;migrationStage=NotStarted}
{"logTime": "1104/033735", "correlationVector":"M5fy89HKLtrwWTobJOeBvu","action":"Normal GetUpdate request", "result":"", "context":cV=M5fy89HKLtrwWTobJOeBvu
Nudged types: Sessions, Device Info, User Consents
Refresh requested types: Bookmarks, Preferences, Passwords, Autofill Profiles, Autofill, Typed URLs, Extensions, Sessions, Extension settings, History Delete Directives, Device Info, User Consents, Send Tab To Self, Web Apps, Collection, Edge E Drop, Edge Hub App Usage, Edge Tab Group, Edge Wallet, Encryption Keys}
{"logTime": "1104/033737", "correlationVector":"M5fy89HKLtrwWTobJOeBvu.1","action":"SyncServerConnectionManagerRequest", "result":"SYNC_SERVER_OK", "context":{"environment":"Prod_SoutheastAsia_000j", "migrationStage":"NotStarted", "server":"GENERAL0100000O"}}
{"logTime": "1104/033737", "correlationVector":"M5fy89HKLtrwWTobJOeBvu.2","action":"GetUpdates Response", "result":"Success", "context":Received 0 update(s). cV=M5fy89HKLtrwWTobJOeBvu.0;server=GENERAL0100000O;cloudType=Consumer;environment=Prod_SoutheastAsia_000j;migrationStage=NotStarted}
{"logTime": "1104/033737", "correlationVector":"r470zZXHrkXPBRjRVo8M0w","action":"DoCompareDataConsistency: ", "result":"has local changes and skip compare"}
{"logTime": "1104/033737", "correlationVector":"T78ExQc2yooSNzZ+v+/D5o","action":"Commit Request", "result":"", "context":Item count: 6
Contributing types: Sessions, Device Info, User Consents, Edge Tab Group}
{"logTime": "1104/033737", "correlationVector":"T78ExQc2yooSNzZ+v+/D5o.1","action":"SyncServerConnectionManagerRequest", "result":"SYNC_SERVER_OK", "context":{"environment":"Prod_SoutheastAsia_000j", "migrationStage":"NotStarted", "server":"GENERAL0100000Q"}}
{"logTime": "1104/033737", "correlationVector":"T78ExQc2yooSNzZ+v+/D5o.2","action":"Commit Response", "result":"Success", "context":Result: Success. cV=T78ExQc2yooSNzZ+v+/D5o.0;server=GENERAL0100000Q;cloudType=Consumer;environment=Prod_SoutheastAsia_000j;migrationStage=NotStarted}
{"logTime": "1104/033737", "correlationVector":"T78ExQc2yooSNzZ+v+/D5o.3","action":"Commit.Edge Tab Group", "result":"Success", "context":{"id":"81d1f13a-0068-44ca-94da-31d2d0cb6054", "isDeleted":"true", "size":"0", "version":"1730456033880"}}
{"logTime": "1104/033737", "correlationVector":"487Haj2QtpvkygOFPXPnga","action":"Normal GetUpdate request", "result":"", "context":cV=487Haj2QtpvkygOFPXPnga
Nudged types: Sessions, Device Info, Edge Tab Group}
{"logTime": "1104/033737", "correlationVector":"487Haj2QtpvkygOFPXPnga.1","action":"SyncServerConnectionManagerRequest", "result":"SYNC_SERVER_OK", "context":{"environment":"Prod_SoutheastAsia_000j", "migrationStage":"NotStarted", "server":"GENERAL0300002W"}}
{"logTime": "1104/033737", "correlationVector":"487Haj2QtpvkygOFPXPnga.2","action":"GetUpdates", "result":"DeleteReceived", "context":{"id":"81d1f13a-0068-44ca-94da-31d2d0cb6054", "isDeleted:":"true", "version":"1730691457056"}}
{"logTime": "1104/033737", "correlationVector":"487Haj2QtpvkygOFPXPnga.3","action":"GetUpdates Response", "result":"Success", "context":Received 4 update(s). cV=487Haj2QtpvkygOFPXPnga.0;server=GENERAL0300002W;cloudType=Consumer;environment=Prod_SoutheastAsia_000j;migrationStage=NotStarted}
{"logTime": "1104/033737", "correlationVector":"NREs3Tq0Di5R4pKJXs3+WC","action":"Commit Request", "result":"", "context":Item count: 1
Contributing types: Sessions}
{"logTime": "1104/033738", "correlationVector":"NREs3Tq0Di5R4pKJXs3+WC.1","action":"SyncServerConnectionManagerRequest", "result":"SYNC_SERVER_OK", "context":{"environment":"Prod_SoutheastAsia_000j", "migrationStage":"NotStarted", "server":"GENERAL0300002F"}}
{"logTime": "1104/033738", "correlationVector":"NREs3Tq0Di5R4pKJXs3+WC.2","action":"Commit Response", "result":"Success", "context":Result: Success. cV=NREs3Tq0Di5R4pKJXs3+WC.0;server=GENERAL0300002F;cloudType=Consumer;environment=Prod_SoutheastAsia_000j;migrationStage=NotStarted}
